2020-02-20 15:37:16,776 INFO: 校验是否登录[失败]
2020-02-20 15:37:16,776 INFO: 请在configDemo.ini文件下更新cookie
2020-02-20 15:37:21,817 INFO: 校验是否登录[失败]
2020-02-20 15:37:21,818 INFO: 请在configDemo.ini文件下更新cookie
2020-02-20 15:37:32,363 INFO: 校验是否登录[失败]
2020-02-20 15:37:32,363 INFO: 请在configDemo.ini文件下更新cookie
2020-02-20 15:39:47,231 INFO: 校验是否登录[失败]
2020-02-20 15:39:47,231 INFO: 请在configDemo.ini文件下更新cookie
2020-02-20 15:39:51,877 INFO: 校验是否登录[失败]
2020-02-20 15:39:51,878 INFO: 请在configDemo.ini文件下更新cookie
2020-02-20 15:52:28,100 INFO: 校验是否登录[失败]
2020-02-20 15:52:28,101 INFO: 请在configDemo.ini文件下更新cookie
2020-02-20 15:53:30,655 INFO: 校验是否登录[成功]
2020-02-20 15:53:36,449 INFO: 登录账号名称[jd_l_la]
2020-02-20 15:53:40,906 INFO: 清空购物车
2020-02-20 15:53:40,907 INFO: 开始第0次 
2020-02-20 15:53:41,141 INFO: 检测[0]个口罩有货，[15]个口罩无货，[6]个口罩下柜，耗时[234]ms
2020-02-20 15:53:41,145 INFO: [100001086804,45923412989,65437208345,15595191653,15595191654,37934196731]口罩已经下架
2020-02-20 15:53:41,146 INFO: [100001086804,45923412989,65437208345,15595191653,15595191654,37934196731]已经移除下架商品
2020-02-20 15:53:41,347 INFO: 开始第1次 
2020-02-20 15:53:41,494 INFO: 检测[0]个口罩有货，[10]个口罩无货，[0]个口罩下柜，耗时[147]ms
2020-02-20 15:53:41,595 INFO: 开始第2次 
2020-02-20 15:53:41,859 INFO: 检测[0]个口罩有货，[10]个口罩无货，[0]个口罩下柜，耗时[264]ms
2020-02-20 15:53:42,059 INFO: 开始第3次 
2020-02-20 15:53:42,557 INFO: 检测[0]个口罩有货，[10]个口罩无货，[0]个口罩下柜，耗时[498]ms
2020-02-20 15:53:42,659 INFO: 开始第4次 
2020-02-20 15:53:42,820 INFO: 检测[0]个口罩有货，[10]个口罩无货，[0]个口罩下柜，耗时[161]ms
2020-02-20 15:53:43,020 INFO: 开始第5次 
2020-02-20 15:53:43,164 INFO: 检测[0]个口罩有货，[10]个口罩无货，[0]个口罩下柜，耗时[144]ms
2020-02-20 15:53:43,466 INFO: 开始第6次 
2020-02-20 15:53:43,604 INFO: 检测[0]个口罩有货，[10]个口罩无货，[0]个口罩下柜，耗时[137]ms
2020-02-20 15:53:43,704 INFO: 开始第7次 
2020-02-20 15:53:43,836 INFO: 检测[0]个口罩有货，[10]个口罩无货，[0]个口罩下柜，耗时[132]ms
2020-02-20 15:53:43,938 INFO: 开始第8次 
2020-02-20 15:53:44,084 INFO: 检测[0]个口罩有货，[10]个口罩无货，[0]个口罩下柜，耗时[146]ms
2020-02-20 15:53:44,286 INFO: 开始第9次 
2020-02-20 15:53:44,421 INFO: 检测[0]个口罩有货，[10]个口罩无货，[0]个口罩下柜，耗时[135]ms
2020-02-20 15:53:44,521 INFO: 开始第10次 
2020-02-20 15:53:44,656 INFO: 检测[0]个口罩有货，[10]个口罩无货，[0]个口罩下柜，耗时[135]ms
2020-02-20 15:53:44,757 INFO: 开始第11次 
2020-02-20 15:53:44,893 INFO: 检测[0]个口罩有货，[10]个口罩无货，[0]个口罩下柜，耗时[136]ms
2020-02-20 15:53:45,193 INFO: 开始第12次 
2020-02-20 15:53:45,329 INFO: 检测[0]个口罩有货，[10]个口罩无货，[0]个口罩下柜，耗时[136]ms
2020-02-20 15:53:45,531 INFO: 开始第13次 
2020-02-20 15:53:45,681 INFO: 检测[0]个口罩有货，[10]个口罩无货，[0]个口罩下柜，耗时[150]ms
2020-02-20 15:53:45,782 INFO: 开始第14次 
2020-02-20 15:53:45,922 INFO: 检测[0]个口罩有货，[10]个口罩无货，[0]个口罩下柜，耗时[140]ms
2020-02-20 15:53:46,122 INFO: 开始第15次 
2020-02-20 15:53:46,257 INFO: 检测[0]个口罩有货，[10]个口罩无货，[0]个口罩下柜，耗时[135]ms
2020-02-20 15:53:46,457 INFO: 开始第16次 
2020-02-20 15:53:46,594 INFO: 检测[0]个口罩有货，[10]个口罩无货，[0]个口罩下柜，耗时[137]ms
2020-02-20 15:53:46,796 INFO: 开始第17次 
2020-02-20 15:53:46,947 INFO: 检测[0]个口罩有货，[10]个口罩无货，[0]个口罩下柜，耗时[151]ms
2020-02-20 15:53:47,049 INFO: 开始第18次 
2020-02-20 15:53:47,177 INFO: 检测[0]个口罩有货，[10]个口罩无货，[0]个口罩下柜，耗时[128]ms
2020-02-20 15:53:47,379 INFO: 开始第19次 
2020-02-20 15:53:47,525 INFO: 检测[0]个口罩有货，[10]个口罩无货，[0]个口罩下柜，耗时[146]ms
2020-02-20 15:53:47,825 INFO: 开始第20次 
2020-02-20 15:54:06,410 INFO: 开始第21次 
2020-02-20 15:54:06,589 INFO: 检测[0]个口罩有货，[10]个口罩无货，[0]个口罩下柜，耗时[178]ms
2020-02-20 15:54:06,691 INFO: 开始第22次 
2020-02-20 15:54:06,853 INFO: 检测[0]个口罩有货，[10]个口罩无货，[0]个口罩下柜，耗时[162]ms
2020-02-20 15:54:07,053 INFO: 开始第23次 
2020-02-20 15:54:07,199 INFO: 检测[0]个口罩有货，[10]个口罩无货，[0]个口罩下柜，耗时[146]ms
2020-02-20 15:54:07,500 INFO: 开始第24次 
2020-02-20 15:54:07,639 INFO: 检测[0]个口罩有货，[10]个口罩无货，[0]个口罩下柜，耗时[139]ms
2020-02-20 15:54:07,940 INFO: 开始第25次 
2020-02-20 15:54:08,075 INFO: 检测[0]个口罩有货，[10]个口罩无货，[0]个口罩下柜，耗时[135]ms
2020-02-20 15:54:08,275 INFO: 开始第26次 
2020-02-20 15:54:08,420 INFO: 检测[0]个口罩有货，[10]个口罩无货，[0]个口罩下柜，耗时[145]ms
2020-02-20 15:54:08,521 INFO: 开始第27次 
2020-02-20 15:54:08,664 INFO: 检测[0]个口罩有货，[10]个口罩无货，[0]个口罩下柜，耗时[143]ms
2020-02-20 15:54:08,765 INFO: 开始第28次 
2020-02-20 15:54:08,906 INFO: 检测[0]个口罩有货，[10]个口罩无货，[0]个口罩下柜，耗时[141]ms
2020-02-20 15:54:09,208 INFO: 开始第29次 
2020-02-20 15:54:09,343 INFO: 检测[0]个口罩有货，[10]个口罩无货，[0]个口罩下柜，耗时[135]ms
2020-02-20 15:54:09,544 INFO: 开始第30次 
2020-02-20 15:54:10,088 INFO: 检测[0]个口罩有货，[10]个口罩无货，[0]个口罩下柜，耗时[544]ms
2020-02-20 15:54:10,389 INFO: 开始第31次 
2020-02-20 15:54:10,529 INFO: 检测[0]个口罩有货，[10]个口罩无货，[0]个口罩下柜，耗时[140]ms
2020-02-20 15:54:10,630 INFO: 开始第32次 
2020-02-20 15:54:10,771 INFO: 检测[0]个口罩有货，[10]个口罩无货，[0]个口罩下柜，耗时[141]ms
2020-02-20 15:54:11,072 INFO: 开始第33次 
2020-02-20 15:54:11,214 INFO: 检测[0]个口罩有货，[10]个口罩无货，[0]个口罩下柜，耗时[141]ms
2020-02-20 15:54:11,514 INFO: 开始第34次 
2020-02-20 15:54:11,648 INFO: 检测[0]个口罩有货，[10]个口罩无货，[0]个口罩下柜，耗时[134]ms
2020-02-20 15:54:11,949 INFO: 开始第35次 
2020-02-20 15:54:12,081 INFO: 检测[0]个口罩有货，[10]个口罩无货，[0]个口罩下柜，耗时[132]ms
2020-02-20 15:54:12,282 INFO: 开始第36次 
2020-02-20 15:54:12,415 INFO: 检测[0]个口罩有货，[10]个口罩无货，[0]个口罩下柜，耗时[133]ms
2020-02-20 15:54:12,616 INFO: 开始第37次 
2020-02-20 15:54:13,016 INFO: 检测[0]个口罩有货，[10]个口罩无货，[0]个口罩下柜，耗时[400]ms
2020-02-20 15:54:13,316 INFO: 开始第38次 
2020-02-20 15:54:13,473 INFO: 检测[0]个口罩有货，[10]个口罩无货，[0]个口罩下柜，耗时[157]ms
2020-02-20 15:54:13,574 INFO: 开始第39次 
2020-02-20 15:54:13,712 INFO: 检测[0]个口罩有货，[10]个口罩无货，[0]个口罩下柜，耗时[138]ms
2020-02-20 15:54:14,012 INFO: 开始第40次 
2020-02-20 15:54:14,155 INFO: 检测[0]个口罩有货，[10]个口罩无货，[0]个口罩下柜，耗时[143]ms
2020-02-20 15:54:14,356 INFO: 开始第41次 
2020-02-20 15:54:14,497 INFO: 检测[0]个口罩有货，[10]个口罩无货，[0]个口罩下柜，耗时[141]ms
2020-02-20 15:54:14,598 INFO: 开始第42次 
2020-02-20 15:54:14,731 INFO: 检测[0]个口罩有货，[10]个口罩无货，[0]个口罩下柜，耗时[133]ms
2020-02-20 15:54:14,833 INFO: 开始第43次 
2020-02-20 15:54:15,320 INFO: 检测[0]个口罩有货，[10]个口罩无货，[0]个口罩下柜，耗时[487]ms
2020-02-20 15:54:15,522 INFO: 开始第44次 
2020-02-20 15:54:15,662 INFO: 检测[0]个口罩有货，[10]个口罩无货，[0]个口罩下柜，耗时[140]ms
2020-02-20 15:54:15,864 INFO: 开始第45次 
2020-02-20 15:54:16,004 INFO: 检测[0]个口罩有货，[10]个口罩无货，[0]个口罩下柜，耗时[140]ms
2020-02-20 15:54:16,206 INFO: 开始第46次 
2020-02-20 15:54:16,346 INFO: 检测[0]个口罩有货，[10]个口罩无货，[0]个口罩下柜，耗时[140]ms
2020-02-20 15:54:16,547 INFO: 开始第47次 
2020-02-20 15:54:16,681 INFO: 检测[0]个口罩有货，[10]个口罩无货，[0]个口罩下柜，耗时[134]ms
2020-02-20 15:54:16,783 INFO: 开始第48次 
2020-02-20 15:54:16,922 INFO: 检测[0]个口罩有货，[10]个口罩无货，[0]个口罩下柜，耗时[139]ms
2020-02-20 15:54:17,223 INFO: 开始第49次 
2020-02-20 15:54:17,727 INFO: 检测[0]个口罩有货，[10]个口罩无货，[0]个口罩下柜，耗时[504]ms
2020-02-20 15:54:17,829 INFO: 开始第50次 
2020-02-20 15:54:18,377 INFO: 检测[0]个口罩有货，[10]个口罩无货，[0]个口罩下柜，耗时[548]ms
2020-02-20 15:54:18,479 INFO: 开始第51次 
2020-02-20 15:54:19,364 INFO: 检测[0]个口罩有货，[10]个口罩无货，[0]个口罩下柜，耗时[885]ms
2020-02-20 15:54:19,564 INFO: 开始第52次 
2020-02-20 15:54:19,705 INFO: 检测[0]个口罩有货，[10]个口罩无货，[0]个口罩下柜，耗时[141]ms
2020-02-20 15:54:19,906 INFO: 开始第53次 
2020-02-20 15:54:20,045 INFO: 检测[0]个口罩有货，[10]个口罩无货，[0]个口罩下柜，耗时[139]ms
2020-02-20 15:54:20,247 INFO: 开始第54次 
2020-02-20 15:54:20,390 INFO: 检测[0]个口罩有货，[10]个口罩无货，[0]个口罩下柜，耗时[143]ms
2020-02-20 15:54:20,592 INFO: 开始第55次 
2020-02-20 15:54:20,736 INFO: 检测[0]个口罩有货，[10]个口罩无货，[0]个口罩下柜，耗时[143]ms
2020-02-20 15:54:21,036 INFO: 开始第56次 
2020-02-20 15:54:21,174 INFO: 检测[0]个口罩有货，[10]个口罩无货，[0]个口罩下柜，耗时[138]ms
2020-02-20 15:54:21,476 INFO: 开始第57次 
2020-02-20 15:54:21,606 INFO: 检测[0]个口罩有货，[10]个口罩无货，[0]个口罩下柜，耗时[130]ms
2020-02-20 15:54:21,908 INFO: 开始第58次 
2020-02-20 15:54:22,048 INFO: 检测[0]个口罩有货，[10]个口罩无货，[0]个口罩下柜，耗时[140]ms
2020-02-20 15:54:22,150 INFO: 开始第59次 
2020-02-20 15:54:22,338 INFO: 检测[0]个口罩有货，[10]个口罩无货，[0]个口罩下柜，耗时[188]ms
2020-02-20 15:54:22,540 INFO: 开始第60次 
2020-02-20 15:54:22,683 INFO: 检测[0]个口罩有货，[10]个口罩无货，[0]个口罩下柜，耗时[143]ms
2020-02-20 15:54:22,985 INFO: 开始第61次 
2020-02-20 15:54:23,120 INFO: 检测[0]个口罩有货，[10]个口罩无货，[0]个口罩下柜，耗时[135]ms
2020-02-20 15:54:23,322 INFO: 开始第62次 
2020-02-20 15:54:23,457 INFO: 检测[0]个口罩有货，[10]个口罩无货，[0]个口罩下柜，耗时[135]ms
2020-02-20 15:54:23,758 INFO: 开始第63次 
2020-02-20 15:54:23,916 INFO: 检测[0]个口罩有货，[10]个口罩无货，[0]个口罩下柜，耗时[158]ms
2020-02-20 15:54:24,017 INFO: 开始第64次 
2020-02-20 15:54:24,178 INFO: 检测[0]个口罩有货，[10]个口罩无货，[0]个口罩下柜，耗时[161]ms
2020-02-20 15:54:24,379 INFO: 开始第65次 
2020-02-20 15:54:24,551 INFO: 检测[0]个口罩有货，[10]个口罩无货，[0]个口罩下柜，耗时[172]ms
2020-02-20 15:54:24,652 INFO: 开始第66次 
2020-02-20 15:54:24,805 INFO: 检测[0]个口罩有货，[10]个口罩无货，[0]个口罩下柜，耗时[153]ms
2020-02-20 15:54:25,006 INFO: 开始第67次 
2020-02-20 15:54:25,147 INFO: 检测[0]个口罩有货，[10]个口罩无货，[0]个口罩下柜，耗时[141]ms
2020-02-20 15:54:25,447 INFO: 开始第68次 
2020-02-20 15:54:25,587 INFO: 检测[0]个口罩有货，[10]个口罩无货，[0]个口罩下柜，耗时[140]ms
2020-02-20 15:54:25,788 INFO: 开始第69次 
2020-02-20 15:54:25,922 INFO: 检测[0]个口罩有货，[10]个口罩无货，[0]个口罩下柜，耗时[134]ms
2020-02-20 15:54:26,123 INFO: 开始第70次 
2020-02-20 15:54:26,522 INFO: 检测[0]个口罩有货，[10]个口罩无货，[0]个口罩下柜，耗时[399]ms
2020-02-20 15:54:26,822 INFO: 开始第71次 
2020-02-20 15:54:26,957 INFO: 检测[0]个口罩有货，[10]个口罩无货，[0]个口罩下柜，耗时[135]ms
2020-02-20 15:54:27,059 INFO: 开始第72次 
2020-02-20 15:54:27,209 INFO: 检测[0]个口罩有货，[10]个口罩无货，[0]个口罩下柜，耗时[150]ms
2020-02-20 15:54:27,309 INFO: 开始第73次 
2020-02-20 15:54:27,445 INFO: 检测[0]个口罩有货，[10]个口罩无货，[0]个口罩下柜，耗时[136]ms
2020-02-20 15:54:27,746 INFO: 开始第74次 
2020-02-20 15:54:27,881 INFO: 检测[0]个口罩有货，[10]个口罩无货，[0]个口罩下柜，耗时[135]ms
2020-02-20 15:54:27,982 INFO: 开始第75次 
2020-02-20 15:54:28,119 INFO: 检测[0]个口罩有货，[10]个口罩无货，[0]个口罩下柜，耗时[137]ms
2020-02-20 15:54:28,420 INFO: 开始第76次 
2020-02-20 15:54:28,655 INFO: 检测[0]个口罩有货，[10]个口罩无货，[0]个口罩下柜，耗时[235]ms
2020-02-20 15:54:28,855 INFO: 开始第77次 
2020-02-20 15:54:29,008 INFO: 检测[0]个口罩有货，[10]个口罩无货，[0]个口罩下柜，耗时[153]ms
2020-02-20 15:54:29,310 INFO: 开始第78次 
2020-02-20 15:54:36,294 INFO: 检测[0]个口罩有货，[10]个口罩无货，[0]个口罩下柜，耗时[6984]ms
2020-02-20 15:54:36,495 INFO: 开始第79次 
2020-02-20 15:54:36,631 INFO: 检测[0]个口罩有货，[10]个口罩无货，[0]个口罩下柜，耗时[136]ms
2020-02-20 15:54:36,932 INFO: 开始第80次 
2020-02-20 15:54:37,077 INFO: 检测[0]个口罩有货，[10]个口罩无货，[0]个口罩下柜，耗时[145]ms
2020-02-20 15:54:37,279 INFO: 开始第81次 
2020-02-20 15:54:37,417 INFO: 检测[0]个口罩有货，[10]个口罩无货，[0]个口罩下柜，耗时[138]ms
2020-02-20 15:54:37,617 INFO: 开始第82次 
2020-02-20 15:54:37,756 INFO: 检测[0]个口罩有货，[10]个口罩无货，[0]个口罩下柜，耗时[139]ms
2020-02-20 15:54:37,957 INFO: 开始第83次 
2020-02-20 15:54:38,099 INFO: 检测[0]个口罩有货，[10]个口罩无货，[0]个口罩下柜，耗时[142]ms
2020-02-20 15:54:38,399 INFO: 开始第84次 
2020-02-20 15:54:38,534 INFO: 检测[0]个口罩有货，[10]个口罩无货，[0]个口罩下柜，耗时[135]ms
2020-02-20 15:54:38,635 INFO: 开始第85次 
2020-02-20 15:54:38,773 INFO: 检测[0]个口罩有货，[10]个口罩无货，[0]个口罩下柜，耗时[138]ms
2020-02-20 15:54:38,973 INFO: 开始第86次 
2020-02-20 15:54:39,134 INFO: 检测[0]个口罩有货，[10]个口罩无货，[0]个口罩下柜，耗时[161]ms
2020-02-20 15:54:39,335 INFO: 开始第87次 
2020-02-20 15:54:39,541 INFO: 检测[0]个口罩有货，[10]个口罩无货，[0]个口罩下柜，耗时[206]ms
2020-02-20 15:54:39,643 INFO: 开始第88次 
2020-02-20 15:54:39,777 INFO: 检测[0]个口罩有货，[10]个口罩无货，[0]个口罩下柜，耗时[134]ms
2020-02-20 15:54:39,878 INFO: 开始第89次 
2020-02-20 15:54:40,019 INFO: 检测[0]个口罩有货，[10]个口罩无货，[0]个口罩下柜，耗时[141]ms
2020-02-20 15:54:40,119 INFO: 开始第90次 
2020-02-20 15:54:40,260 INFO: 检测[0]个口罩有货，[10]个口罩无货，[0]个口罩下柜，耗时[141]ms
2020-02-20 15:54:40,560 INFO: 开始第91次 
2020-02-20 15:54:40,702 INFO: 检测[0]个口罩有货，[10]个口罩无货，[0]个口罩下柜，耗时[142]ms
2020-02-20 15:54:40,902 INFO: 开始第92次 
2020-02-20 15:54:41,038 INFO: 检测[0]个口罩有货，[10]个口罩无货，[0]个口罩下柜，耗时[136]ms
2020-02-20 15:54:41,140 INFO: 开始第93次 
2020-02-20 15:54:41,283 INFO: 检测[0]个口罩有货，[10]个口罩无货，[0]个口罩下柜，耗时[143]ms
2020-02-20 15:54:41,484 INFO: 开始第94次 
2020-02-20 15:54:41,617 INFO: 检测[0]个口罩有货，[10]个口罩无货，[0]个口罩下柜，耗时[133]ms
2020-02-20 15:54:41,719 INFO: 开始第95次 
2020-02-20 15:54:41,868 INFO: 检测[0]个口罩有货，[10]个口罩无货，[0]个口罩下柜，耗时[149]ms
2020-02-20 15:54:41,968 INFO: 开始第96次 
2020-02-20 15:54:42,107 INFO: 检测[0]个口罩有货，[10]个口罩无货，[0]个口罩下柜，耗时[139]ms
2020-02-20 15:54:42,209 INFO: 开始第97次 
2020-02-20 15:54:43,362 INFO: 检测[0]个口罩有货，[10]个口罩无货，[0]个口罩下柜，耗时[1153]ms
2020-02-20 15:54:43,463 INFO: 开始第98次 
2020-02-20 15:54:43,605 INFO: 检测[0]个口罩有货，[10]个口罩无货，[0]个口罩下柜，耗时[142]ms
2020-02-20 15:54:43,905 INFO: 开始第99次 
2020-02-20 15:54:44,076 INFO: 检测[0]个口罩有货，[10]个口罩无货，[0]个口罩下柜，耗时[171]ms
2020-02-20 15:54:44,277 INFO: 校验是否还在登录
2020-02-20 15:54:54,278 INFO: 开始第100次 
2020-02-20 15:54:54,418 INFO: 检测[0]个口罩有货，[10]个口罩无货，[0]个口罩下柜，耗时[140]ms
2020-02-20 15:54:54,719 INFO: 开始第101次 
2020-02-20 15:54:54,863 INFO: 检测[0]个口罩有货，[10]个口罩无货，[0]个口罩下柜，耗时[144]ms
2020-02-20 15:54:54,963 INFO: 开始第102次 
2020-02-20 15:54:55,102 INFO: 检测[0]个口罩有货，[10]个口罩无货，[0]个口罩下柜，耗时[139]ms
2020-02-20 15:54:55,303 INFO: 开始第103次 
2020-02-20 15:54:55,444 INFO: 检测[0]个口罩有货，[10]个口罩无货，[0]个口罩下柜，耗时[141]ms
2020-02-20 15:54:55,545 INFO: 开始第104次 
2020-02-20 15:54:55,689 INFO: 检测[0]个口罩有货，[10]个口罩无货，[0]个口罩下柜，耗时[144]ms
2020-02-20 15:54:55,990 INFO: 开始第105次 
2020-02-20 15:54:56,136 INFO: 检测[0]个口罩有货，[10]个口罩无货，[0]个口罩下柜，耗时[146]ms
2020-02-20 15:54:56,238 INFO: 开始第106次 
2020-02-20 15:54:56,377 INFO: 检测[0]个口罩有货，[10]个口罩无货，[0]个口罩下柜，耗时[139]ms
2020-02-20 15:54:56,479 INFO: 开始第107次 
2020-02-20 15:54:56,617 INFO: 检测[0]个口罩有货，[10]个口罩无货，[0]个口罩下柜，耗时[138]ms
2020-02-20 15:54:56,718 INFO: 开始第108次 
2020-02-20 15:55:09,489 INFO: 检测[0]个口罩有货，[10]个口罩无货，[0]个口罩下柜，耗时[12771]ms
2020-02-20 15:55:09,589 INFO: 开始第109次 
2020-02-20 15:55:10,727 INFO: 检测[0]个口罩有货，[10]个口罩无货，[0]个口罩下柜，耗时[1138]ms
2020-02-20 15:55:10,827 INFO: 开始第110次 
2020-02-20 15:55:10,978 INFO: 检测[0]个口罩有货，[10]个口罩无货，[0]个口罩下柜，耗时[151]ms
2020-02-20 15:55:11,179 INFO: 开始第111次 
2020-02-20 15:55:11,323 INFO: 检测[0]个口罩有货，[10]个口罩无货，[0]个口罩下柜，耗时[144]ms
2020-02-20 15:55:11,425 INFO: 开始第112次 
2020-02-20 15:55:11,573 INFO: 检测[0]个口罩有货，[10]个口罩无货，[0]个口罩下柜，耗时[148]ms
2020-02-20 15:55:11,673 INFO: 开始第113次 
2020-02-20 15:55:11,804 INFO: 检测[0]个口罩有货，[10]个口罩无货，[0]个口罩下柜，耗时[131]ms
2020-02-20 15:55:12,006 INFO: 开始第114次 
2020-02-20 15:55:12,141 INFO: 检测[0]个口罩有货，[10]个口罩无货，[0]个口罩下柜，耗时[135]ms
2020-02-20 15:55:12,343 INFO: 开始第115次 
2020-02-20 15:55:12,484 INFO: 检测[0]个口罩有货，[10]个口罩无货，[0]个口罩下柜，耗时[141]ms
2020-02-20 15:55:12,586 INFO: 开始第116次 
2020-02-20 15:55:12,719 INFO: 检测[0]个口罩有货，[10]个口罩无货，[0]个口罩下柜，耗时[133]ms
2020-02-20 15:55:13,019 INFO: 开始第117次 
2020-02-20 15:55:13,154 INFO: 检测[0]个口罩有货，[10]个口罩无货，[0]个口罩下柜，耗时[135]ms
2020-02-20 15:55:13,455 INFO: 开始第118次 
2020-02-20 15:55:39,123 INFO: 检测[0]个口罩有货，[10]个口罩无货，[0]个口罩下柜，耗时[25668]ms
2020-02-20 15:55:39,423 INFO: 开始第119次 
2020-02-20 15:55:39,586 INFO: 检测[0]个口罩有货，[10]个口罩无货，[0]个口罩下柜，耗时[162]ms
2020-02-20 15:55:39,886 INFO: 开始第120次 
2020-02-20 15:55:40,016 INFO: 检测[0]个口罩有货，[10]个口罩无货，[0]个口罩下柜，耗时[130]ms
2020-02-20 15:55:40,218 INFO: 开始第121次 
2020-02-20 15:55:40,382 INFO: 检测[0]个口罩有货，[10]个口罩无货，[0]个口罩下柜，耗时[164]ms
2020-02-20 15:55:40,583 INFO: 开始第122次 
2020-02-20 15:55:40,722 INFO: 检测[0]个口罩有货，[10]个口罩无货，[0]个口罩下柜，耗时[139]ms
2020-02-20 15:55:41,023 INFO: 开始第123次 
2020-02-20 15:55:41,158 INFO: 检测[0]个口罩有货，[10]个口罩无货，[0]个口罩下柜，耗时[135]ms
2020-02-20 15:55:41,458 INFO: 开始第124次 
2020-02-20 15:55:41,597 INFO: 检测[0]个口罩有货，[10]个口罩无货，[0]个口罩下柜，耗时[139]ms
2020-02-20 15:55:41,697 INFO: 开始第125次 
2020-02-20 15:55:41,829 INFO: 检测[0]个口罩有货，[10]个口罩无货，[0]个口罩下柜，耗时[132]ms
2020-02-20 15:55:42,130 INFO: 开始第126次 
2020-02-20 15:55:42,264 INFO: 检测[0]个口罩有货，[10]个口罩无货，[0]个口罩下柜，耗时[134]ms
2020-02-20 15:55:42,565 INFO: 开始第127次 
2020-02-20 15:55:42,705 INFO: 检测[0]个口罩有货，[10]个口罩无货，[0]个口罩下柜，耗时[140]ms
2020-02-20 15:55:42,806 INFO: 开始第128次 
2020-02-20 15:55:42,944 INFO: 检测[0]个口罩有货，[10]个口罩无货，[0]个口罩下柜，耗时[138]ms
2020-02-20 15:55:43,044 INFO: 开始第129次 
2020-02-20 15:55:43,187 INFO: 检测[0]个口罩有货，[10]个口罩无货，[0]个口罩下柜，耗时[143]ms
2020-02-20 15:55:43,388 INFO: 开始第130次 
2020-02-20 15:55:43,525 INFO: 检测[0]个口罩有货，[10]个口罩无货，[0]个口罩下柜，耗时[137]ms
2020-02-20 15:55:43,825 INFO: 开始第131次 
2020-02-20 15:55:43,960 INFO: 检测[0]个口罩有货，[10]个口罩无货，[0]个口罩下柜，耗时[135]ms
2020-02-20 15:55:44,161 INFO: 开始第132次 
2020-02-20 15:55:48,295 INFO: 检测[0]个口罩有货，[10]个口罩无货，[0]个口罩下柜，耗时[4134]ms
2020-02-20 15:55:48,496 INFO: 开始第133次 
2020-02-20 15:55:48,632 INFO: 检测[0]个口罩有货，[10]个口罩无货，[0]个口罩下柜，耗时[136]ms
2020-02-20 15:55:48,932 INFO: 开始第134次 
2020-02-20 15:55:49,072 INFO: 检测[0]个口罩有货，[10]个口罩无货，[0]个口罩下柜，耗时[140]ms
2020-02-20 15:55:49,373 INFO: 开始第135次 
2020-02-20 15:55:49,506 INFO: 检测[0]个口罩有货，[10]个口罩无货，[0]个口罩下柜，耗时[133]ms
2020-02-20 15:55:49,807 INFO: 开始第136次 
2020-02-20 15:55:49,941 INFO: 检测[0]个口罩有货，[10]个口罩无货，[0]个口罩下柜，耗时[134]ms
2020-02-20 15:55:50,243 INFO: 开始第137次 
2020-02-20 15:55:50,381 INFO: 检测[0]个口罩有货，[10]个口罩无货，[0]个口罩下柜，耗时[136]ms
2020-02-20 15:55:50,481 INFO: 开始第138次 
2020-02-20 15:55:50,633 INFO: 检测[0]个口罩有货，[10]个口罩无货，[0]个口罩下柜，耗时[152]ms
2020-02-20 15:55:50,734 INFO: 开始第139次 
2020-02-20 15:55:50,904 INFO: 检测[0]个口罩有货，[10]个口罩无货，[0]个口罩下柜，耗时[170]ms
2020-02-20 15:55:51,105 INFO: 开始第140次 
2020-02-20 15:55:51,243 INFO: 检测[0]个口罩有货，[10]个口罩无货，[0]个口罩下柜，耗时[138]ms
2020-02-20 15:55:51,544 INFO: 开始第141次 
2020-02-20 15:55:51,678 INFO: 检测[0]个口罩有货，[10]个口罩无货，[0]个口罩下柜，耗时[134]ms
2020-02-20 15:55:51,978 INFO: 开始第142次 
2020-02-20 15:55:52,120 INFO: 检测[0]个口罩有货，[10]个口罩无货，[0]个口罩下柜，耗时[142]ms
2020-02-20 15:55:52,221 INFO: 开始第143次 
2020-02-20 15:55:52,358 INFO: 检测[0]个口罩有货，[10]个口罩无货，[0]个口罩下柜，耗时[137]ms
2020-02-20 15:55:52,459 INFO: 开始第144次 
2020-02-20 15:55:52,673 INFO: 检测[0]个口罩有货，[10]个口罩无货，[0]个口罩下柜，耗时[214]ms
2020-02-20 15:55:52,974 INFO: 开始第145次 
2020-02-20 15:55:53,111 INFO: 检测[0]个口罩有货，[10]个口罩无货，[0]个口罩下柜，耗时[137]ms
2020-02-20 15:55:53,412 INFO: 开始第146次 
2020-02-20 15:55:53,550 INFO: 检测[0]个口罩有货，[10]个口罩无货，[0]个口罩下柜，耗时[138]ms
2020-02-20 15:55:53,851 INFO: 开始第147次 
2020-02-20 15:55:53,995 INFO: 检测[0]个口罩有货，[10]个口罩无货，[0]个口罩下柜，耗时[144]ms
2020-02-20 15:55:54,196 INFO: 开始第148次 
2020-02-20 15:55:54,343 INFO: 检测[0]个口罩有货，[10]个口罩无货，[0]个口罩下柜，耗时[147]ms
2020-02-20 15:55:54,445 INFO: 开始第149次 
2020-02-20 15:55:54,580 INFO: 检测[0]个口罩有货，[10]个口罩无货，[0]个口罩下柜，耗时[135]ms
2020-02-20 15:55:54,682 INFO: 开始第150次 
2020-02-20 15:55:54,819 INFO: 检测[0]个口罩有货，[10]个口罩无货，[0]个口罩下柜，耗时[137]ms
2020-02-20 15:55:55,119 INFO: 开始第151次 
2020-02-20 15:55:55,258 INFO: 检测[0]个口罩有货，[10]个口罩无货，[0]个口罩下柜，耗时[139]ms
2020-02-20 15:55:55,359 INFO: 开始第152次 
2020-02-20 15:55:55,497 INFO: 检测[0]个口罩有货，[10]个口罩无货，[0]个口罩下柜，耗时[138]ms
2020-02-20 15:55:55,798 INFO: 开始第153次 
2020-02-20 15:55:55,932 INFO: 检测[0]个口罩有货，[10]个口罩无货，[0]个口罩下柜，耗时[134]ms
2020-02-20 15:55:56,233 INFO: 开始第154次 
2020-02-20 15:55:56,367 INFO: 检测[0]个口罩有货，[10]个口罩无货，[0]个口罩下柜，耗时[133]ms
2020-02-20 15:55:56,468 INFO: 开始第155次 
2020-02-20 15:55:56,602 INFO: 检测[0]个口罩有货，[10]个口罩无货，[0]个口罩下柜，耗时[134]ms
2020-02-20 15:55:56,804 INFO: 开始第156次 
2020-02-20 15:55:56,936 INFO: 检测[0]个口罩有货，[10]个口罩无货，[0]个口罩下柜，耗时[132]ms
2020-02-20 15:55:57,037 INFO: 开始第157次 
2020-02-20 15:55:57,298 INFO: 检测[0]个口罩有货，[10]个口罩无货，[0]个口罩下柜，耗时[261]ms
2020-02-20 15:55:57,500 INFO: 开始第158次 
2020-02-20 15:55:57,635 INFO: 检测[0]个口罩有货，[10]个口罩无货，[0]个口罩下柜，耗时[135]ms
2020-02-20 15:55:57,935 INFO: 开始第159次 
2020-02-20 15:56:08,574 INFO: 检测[0]个口罩有货，[10]个口罩无货，[0]个口罩下柜，耗时[10639]ms
2020-02-20 15:56:08,675 INFO: 开始第160次 
2020-02-20 15:56:08,812 INFO: 检测[0]个口罩有货，[10]个口罩无货，[0]个口罩下柜，耗时[137]ms
2020-02-20 15:56:09,012 INFO: 开始第161次 
2020-02-20 15:56:15,645 INFO: 检测[0]个口罩有货，[10]个口罩无货，[0]个口罩下柜，耗时[6633]ms
2020-02-20 15:56:15,747 INFO: 开始第162次 
2020-02-20 15:56:15,889 INFO: 检测[0]个口罩有货，[10]个口罩无货，[0]个口罩下柜，耗时[142]ms
2020-02-20 15:56:16,091 INFO: 开始第163次 
2020-02-20 15:56:16,229 INFO: 检测[0]个口罩有货，[10]个口罩无货，[0]个口罩下柜，耗时[138]ms
2020-02-20 15:56:16,431 INFO: 开始第164次 
2020-02-20 15:56:16,568 INFO: 检测[0]个口罩有货，[10]个口罩无货，[0]个口罩下柜，耗时[137]ms
2020-02-20 15:56:16,670 INFO: 开始第165次 
2020-02-20 15:56:16,812 INFO: 检测[0]个口罩有货，[10]个口罩无货，[0]个口罩下柜，耗时[142]ms
2020-02-20 15:56:16,912 INFO: 开始第166次 
2020-02-20 15:56:17,045 INFO: 检测[0]个口罩有货，[10]个口罩无货，[0]个口罩下柜，耗时[133]ms
2020-02-20 15:56:17,247 INFO: 开始第167次 
2020-02-20 15:56:17,386 INFO: 检测[0]个口罩有货，[10]个口罩无货，[0]个口罩下柜，耗时[139]ms
2020-02-20 15:56:17,488 INFO: 开始第168次 
2020-02-20 15:56:17,622 INFO: 检测[0]个口罩有货，[10]个口罩无货，[0]个口罩下柜，耗时[134]ms
2020-02-20 15:56:17,923 INFO: 开始第169次 
2020-02-20 15:56:18,067 INFO: 检测[0]个口罩有货，[10]个口罩无货，[0]个口罩下柜，耗时[144]ms
2020-02-20 15:56:18,168 INFO: 开始第170次 
2020-02-20 15:56:18,313 INFO: 检测[0]个口罩有货，[10]个口罩无货，[0]个口罩下柜，耗时[145]ms
2020-02-20 15:56:18,614 INFO: 开始第171次 
2020-02-20 15:56:18,746 INFO: 检测[0]个口罩有货，[10]个口罩无货，[0]个口罩下柜，耗时[132]ms
2020-02-20 15:56:19,047 INFO: 开始第172次 
2020-02-20 15:56:19,179 INFO: 检测[0]个口罩有货，[10]个口罩无货，[0]个口罩下柜，耗时[132]ms
2020-02-20 15:56:19,381 INFO: 开始第173次 
2020-02-20 15:56:19,517 INFO: 检测[0]个口罩有货，[10]个口罩无货，[0]个口罩下柜，耗时[136]ms
2020-02-20 15:56:19,618 INFO: 开始第174次 
2020-02-20 15:56:19,781 INFO: 检测[0]个口罩有货，[10]个口罩无货，[0]个口罩下柜，耗时[163]ms
2020-02-20 15:56:19,981 INFO: 开始第175次 
2020-02-20 15:56:20,117 INFO: 检测[0]个口罩有货，[10]个口罩无货，[0]个口罩下柜，耗时[136]ms
2020-02-20 15:56:20,219 INFO: 开始第176次 
2020-02-20 15:56:35,363 INFO: 检测[0]个口罩有货，[10]个口罩无货，[0]个口罩下柜，耗时[15144]ms
2020-02-20 15:56:35,464 INFO: 开始第177次 
2020-02-20 15:56:36,606 INFO: 检测[0]个口罩有货，[10]个口罩无货，[0]个口罩下柜，耗时[1142]ms
2020-02-20 15:56:36,906 INFO: 开始第178次 
2020-02-20 15:56:37,372 INFO: 检测[0]个口罩有货，[10]个口罩无货，[0]个口罩下柜，耗时[466]ms
2020-02-20 15:56:37,673 INFO: 开始第179次 
2020-02-20 15:56:37,816 INFO: 检测[0]个口罩有货，[10]个口罩无货，[0]个口罩下柜，耗时[143]ms
2020-02-20 15:56:38,018 INFO: 开始第180次 
2020-02-20 15:56:38,164 INFO: 检测[0]个口罩有货，[10]个口罩无货，[0]个口罩下柜，耗时[146]ms
2020-02-20 15:56:38,265 INFO: 开始第181次 
2020-02-20 15:56:38,407 INFO: 检测[0]个口罩有货，[10]个口罩无货，[0]个口罩下柜，耗时[142]ms
2020-02-20 15:56:38,508 INFO: 开始第182次 
2020-02-20 15:56:38,640 INFO: 检测[0]个口罩有货，[10]个口罩无货，[0]个口罩下柜，耗时[132]ms
2020-02-20 15:56:38,840 INFO: 开始第183次 
2020-02-20 15:56:38,979 INFO: 检测[0]个口罩有货，[10]个口罩无货，[0]个口罩下柜，耗时[139]ms
2020-02-20 15:56:39,081 INFO: 开始第184次 
2020-02-20 15:56:39,219 INFO: 检测[0]个口罩有货，[10]个口罩无货，[0]个口罩下柜，耗时[138]ms
2020-02-20 15:56:39,521 INFO: 开始第185次 
2020-02-20 15:56:39,657 INFO: 检测[0]个口罩有货，[10]个口罩无货，[0]个口罩下柜，耗时[136]ms
2020-02-20 15:56:39,858 INFO: 开始第186次 
2020-02-20 15:56:39,999 INFO: 检测[0]个口罩有货，[10]个口罩无货，[0]个口罩下柜，耗时[141]ms
2020-02-20 15:56:40,301 INFO: 开始第187次 
2020-02-20 15:56:40,708 INFO: 检测[0]个口罩有货，[10]个口罩无货，[0]个口罩下柜，耗时[405]ms
2020-02-20 15:56:41,008 INFO: 开始第188次 
2020-02-20 15:56:41,171 INFO: 检测[0]个口罩有货，[10]个口罩无货，[0]个口罩下柜，耗时[163]ms
2020-02-20 15:56:41,471 INFO: 开始第189次 
2020-02-20 15:56:41,616 INFO: 检测[0]个口罩有货，[10]个口罩无货，[0]个口罩下柜，耗时[145]ms
2020-02-20 15:56:41,818 INFO: 开始第190次 
2020-02-20 15:56:41,965 INFO: 检测[0]个口罩有货，[10]个口罩无货，[0]个口罩下柜，耗时[147]ms
2020-02-20 15:56:42,067 INFO: 开始第191次 
2020-02-20 15:56:42,210 INFO: 检测[0]个口罩有货，[10]个口罩无货，[0]个口罩下柜，耗时[143]ms
2020-02-20 15:56:42,510 INFO: 开始第192次 
2020-02-20 15:56:42,637 INFO: 检测[0]个口罩有货，[10]个口罩无货，[0]个口罩下柜，耗时[127]ms
2020-02-20 15:56:42,838 INFO: 开始第193次 
2020-02-20 15:56:42,975 INFO: 检测[0]个口罩有货，[10]个口罩无货，[0]个口罩下柜，耗时[137]ms
2020-02-20 15:56:43,077 INFO: 开始第194次 
2020-02-20 15:56:43,210 INFO: 检测[0]个口罩有货，[10]个口罩无货，[0]个口罩下柜，耗时[133]ms
2020-02-20 15:56:43,311 INFO: 开始第195次 
2020-02-20 15:56:43,455 INFO: 检测[0]个口罩有货，[10]个口罩无货，[0]个口罩下柜，耗时[144]ms
2020-02-20 15:56:43,556 INFO: 开始第196次 
2020-02-20 15:56:43,695 INFO: 检测[0]个口罩有货，[10]个口罩无货，[0]个口罩下柜，耗时[139]ms
2020-02-20 15:56:43,996 INFO: 开始第197次 
2020-02-20 15:56:44,138 INFO: 检测[0]个口罩有货，[10]个口罩无货，[0]个口罩下柜，耗时[142]ms
2020-02-20 15:56:44,340 INFO: 开始第198次 
2020-02-20 15:56:44,475 INFO: 检测[0]个口罩有货，[10]个口罩无货，[0]个口罩下柜，耗时[135]ms
2020-02-20 15:56:44,576 INFO: 开始第199次 
2020-02-20 15:56:44,730 INFO: 检测[0]个口罩有货，[10]个口罩无货，[0]个口罩下柜，耗时[154]ms
2020-02-20 15:56:44,830 INFO: 校验是否还在登录
2020-02-20 15:56:54,833 INFO: 开始第200次 
2020-02-20 15:56:54,973 INFO: 检测[0]个口罩有货，[10]个口罩无货，[0]个口罩下柜，耗时[140]ms
2020-02-20 15:56:55,175 INFO: 开始第201次 
2020-02-20 15:56:55,323 INFO: 检测[0]个口罩有货，[10]个口罩无货，[0]个口罩下柜，耗时[148]ms
2020-02-20 15:56:55,525 INFO: 开始第202次 
2020-02-20 15:56:55,653 INFO: 检测[0]个口罩有货，[10]个口罩无货，[0]个口罩下柜，耗时[128]ms
2020-02-20 15:56:55,854 INFO: 开始第203次 
2020-02-20 15:56:55,997 INFO: 检测[0]个口罩有货，[10]个口罩无货，[0]个口罩下柜，耗时[143]ms
2020-02-20 15:56:56,198 INFO: 开始第204次 
2020-02-20 15:57:00,137 INFO: 检测[0]个口罩有货，[10]个口罩无货，[0]个口罩下柜，耗时[3939]ms
2020-02-20 15:57:00,237 INFO: 开始第205次 
2020-02-20 15:57:00,373 INFO: 检测[0]个口罩有货，[10]个口罩无货，[0]个口罩下柜，耗时[136]ms
2020-02-20 15:57:00,574 INFO: 开始第206次 
2020-02-20 15:57:00,741 INFO: 检测[0]个口罩有货，[10]个口罩无货，[0]个口罩下柜，耗时[167]ms
2020-02-20 15:57:01,042 INFO: 开始第207次 
2020-02-20 15:57:01,184 INFO: 检测[0]个口罩有货，[10]个口罩无货，[0]个口罩下柜，耗时[142]ms
2020-02-20 15:57:01,285 INFO: 开始第208次 
2020-02-20 15:57:01,424 INFO: 检测[0]个口罩有货，[10]个口罩无货，[0]个口罩下柜，耗时[139]ms
2020-02-20 15:57:01,525 INFO: 开始第209次 
2020-02-20 15:57:01,697 INFO: 检测[0]个口罩有货，[10]个口罩无货，[0]个口罩下柜，耗时[171]ms
2020-02-20 15:57:01,797 INFO: 开始第210次 
2020-02-20 15:57:01,939 INFO: 检测[0]个口罩有货，[10]个口罩无货，[0]个口罩下柜，耗时[142]ms
2020-02-20 15:57:02,041 INFO: 开始第211次 
2020-02-20 15:57:02,183 INFO: 检测[0]个口罩有货，[10]个口罩无货，[0]个口罩下柜，耗时[142]ms
2020-02-20 15:57:02,284 INFO: 开始第212次 
2020-02-20 15:57:02,418 INFO: 检测[0]个口罩有货，[10]个口罩无货，[0]个口罩下柜，耗时[134]ms
2020-02-20 15:57:02,520 INFO: 开始第213次 
2020-02-20 15:57:02,655 INFO: 检测[0]个口罩有货，[10]个口罩无货，[0]个口罩下柜，耗时[135]ms
2020-02-20 15:57:02,856 INFO: 开始第214次 
2020-02-20 16:07:51,248 INFO: Loading KWallet
2020-02-20 16:07:51,250 INFO: Loading SecretService
2020-02-20 16:07:51,251 INFO: Loading Windows
2020-02-20 16:07:51,318 INFO: Loading chainer
2020-02-20 16:07:51,319 INFO: Loading macOS
2020-02-20 16:07:52,082 INFO: 校验是否登录[失败]
2020-02-20 16:07:52,083 INFO: 请在configDemo.ini文件下更新cookie
2020-02-20 16:08:15,695 INFO: Loading KWallet
2020-02-20 16:08:15,696 INFO: Loading SecretService
2020-02-20 16:08:15,697 INFO: Loading Windows
2020-02-20 16:08:15,764 INFO: Loading chainer
2020-02-20 16:08:15,765 INFO: Loading macOS
2020-02-20 16:08:15,982 INFO: 校验是否登录[失败]
2020-02-20 16:08:15,983 INFO: 请在configDemo.ini文件下更新cookie
2020-02-20 16:11:29,811 INFO: Loading KWallet
2020-02-20 16:11:29,812 INFO: Loading SecretService
2020-02-20 16:11:29,813 INFO: Loading Windows
2020-02-20 16:11:29,874 INFO: Loading chainer
2020-02-20 16:11:29,874 INFO: Loading macOS
2020-02-20 16:11:30,152 INFO: 校验是否登录[失败]
2020-02-20 16:11:30,152 INFO: 请在configDemo.ini文件下更新cookie
2020-02-20 16:11:46,673 INFO: Loading KWallet
2020-02-20 16:11:46,674 INFO: Loading SecretService
2020-02-20 16:11:46,675 INFO: Loading Windows
2020-02-20 16:11:46,746 INFO: Loading chainer
2020-02-20 16:11:46,747 INFO: Loading macOS
2020-02-20 16:11:46,978 INFO: 校验是否登录[失败]
2020-02-20 16:11:46,978 INFO: 请在configDemo.ini文件下更新cookie
2020-02-20 16:29:52,241 INFO: Loading KWallet
2020-02-20 16:29:52,242 INFO: Loading SecretService
2020-02-20 16:29:52,243 INFO: Loading Windows
2020-02-20 16:29:52,319 INFO: Loading chainer
2020-02-20 16:29:52,320 INFO: Loading macOS
2020-02-20 16:29:56,215 INFO: 校验是否登录[失败]
2020-02-20 16:29:56,216 INFO: 请在configDemo.ini文件下更新cookie
2020-02-20 16:36:38,507 INFO: Loading KWallet
2020-02-20 16:36:38,508 INFO: Loading SecretService
2020-02-20 16:36:38,510 INFO: Loading Windows
2020-02-20 16:36:38,585 INFO: Loading chainer
2020-02-20 16:36:38,585 INFO: Loading macOS
2020-02-20 16:36:41,611 INFO: 校验是否登录[失败]
2020-02-20 16:36:41,612 INFO: 请在configDemo.ini文件下更新cookie
2020-02-20 16:36:51,766 INFO: Loading KWallet
2020-02-20 16:36:51,768 INFO: Loading SecretService
2020-02-20 16:36:51,768 INFO: Loading Windows
2020-02-20 16:36:51,838 INFO: Loading chainer
2020-02-20 16:36:51,839 INFO: Loading macOS
2020-02-20 16:36:52,153 INFO: 校验是否登录[成功]
2020-02-20 16:36:55,911 INFO: 登录账号名称[jd_l_la]
2020-02-20 16:36:56,494 INFO: 清空购物车
2020-02-20 16:36:56,495 INFO: 开始第0次 
2020-02-20 16:36:56,902 INFO: 检测[1]个口罩有货，[0]个口罩无货，[0]个口罩下柜，耗时[407]ms
2020-02-20 16:36:56,903 INFO: [100011385146]类型口罩有货啦!马上下单
2020-02-20 16:36:57,311 INFO: 100011385146  已成功加入购物车
2020-02-20 16:37:04,457 ERROR: 订单结算页面获取异常：Exceeded 30 redirects.
2020-02-20 16:48:37,720 INFO: Loading KWallet
2020-02-20 16:48:37,721 INFO: Loading SecretService
2020-02-20 16:48:37,721 INFO: Loading Windows
2020-02-20 16:48:37,783 INFO: Loading chainer
2020-02-20 16:48:37,784 INFO: Loading macOS
2020-02-20 16:48:38,169 INFO: 校验是否登录[成功]
2020-02-20 16:48:38,366 INFO: 登录账号名称[jd_l_la]
2020-02-20 16:48:38,765 INFO: 清空购物车
2020-02-20 16:48:38,765 INFO: 开始第0次 
2020-02-20 16:48:39,025 INFO: 检测[1]个口罩有货，[0]个口罩无货，[0]个口罩下柜，耗时[259]ms
2020-02-20 16:48:39,026 INFO: [100011385146]类型口罩有货啦!马上下单
2020-02-20 16:48:39,433 INFO: 100011385146  已成功加入购物车
2020-02-20 16:48:40,576 ERROR: 订单结算页面获取异常：Exceeded 30 redirects.
2020-02-27 15:57:08,440 INFO: Loading KWallet
2020-02-27 15:57:08,442 INFO: Loading SecretService
2020-02-27 15:57:08,443 INFO: Loading Windows
2020-02-27 15:57:08,530 INFO: Loading chainer
2020-02-27 15:57:08,531 INFO: Loading macOS
2020-02-27 15:57:08,870 INFO: 校验是否登录[失败]
2020-02-27 15:57:08,870 INFO: 请在configDemo.ini文件下更新cookie
2020-02-27 16:59:54,932 INFO: Loading KWallet
2020-02-27 16:59:54,933 INFO: Loading SecretService
2020-02-27 16:59:54,934 INFO: Loading Windows
2020-02-27 16:59:54,997 INFO: Loading chainer
2020-02-27 16:59:54,998 INFO: Loading macOS
2020-02-27 16:59:55,155 INFO: 校验是否登录[失败]
2020-02-27 16:59:55,156 INFO: 请在configDemo.ini文件下更新cookie
2020-02-27 17:00:00,201 INFO: 校验是否登录[失败]
2020-02-27 17:00:00,201 INFO: 请在configDemo.ini文件下更新cookie
2020-02-27 17:05:30,785 INFO: Loading KWallet
2020-02-27 17:05:30,786 INFO: Loading SecretService
2020-02-27 17:05:30,787 INFO: Loading Windows
2020-02-27 17:05:30,855 INFO: Loading chainer
2020-02-27 17:05:30,856 INFO: Loading macOS
2020-02-27 17:05:31,029 INFO: 校验是否登录[失败]
2020-02-27 17:05:31,029 INFO: 请在configDemo.ini文件下更新cookie
2020-02-27 17:13:27,056 INFO: Loading KWallet
2020-02-27 17:13:27,059 INFO: Loading SecretService
2020-02-27 17:13:27,064 INFO: Loading Windows
2020-02-27 17:13:27,136 INFO: Loading chainer
2020-02-27 17:13:27,137 INFO: Loading macOS
2020-02-27 17:13:27,188 ERROR: [Errno 2] No such file or directory: 'cookie'
2020-02-27 17:14:25,516 INFO: 校验是否登录[失败]
2020-02-27 17:14:25,516 INFO: 请在configDemo.ini文件下更新cookie
2020-02-27 17:14:30,558 INFO: 校验是否登录[失败]
2020-02-27 17:14:30,559 INFO: 请在configDemo.ini文件下更新cookie
2020-02-27 17:15:14,731 INFO: Loading KWallet
2020-02-27 17:15:14,733 INFO: Loading SecretService
2020-02-27 17:15:14,734 INFO: Loading Windows
2020-02-27 17:15:14,797 INFO: Loading chainer
2020-02-27 17:15:14,797 INFO: Loading macOS
2020-02-27 17:15:15,098 INFO: 校验是否登录[失败]
2020-02-27 17:15:15,099 INFO: 请在configDemo.ini文件下更新cookie
2020-02-27 17:15:20,140 INFO: 校验是否登录[失败]
2020-02-27 17:15:20,143 INFO: 请在configDemo.ini文件下更新cookie
2020-02-27 17:17:43,976 INFO: Loading KWallet
2020-02-27 17:17:43,977 INFO: Loading SecretService
2020-02-27 17:17:43,978 INFO: Loading Windows
2020-02-27 17:17:44,044 INFO: Loading chainer
2020-02-27 17:17:44,045 INFO: Loading macOS
2020-02-27 17:17:44,361 INFO: 校验是否登录[失败]
2020-02-27 17:17:44,361 INFO: 请在configDemo.ini文件下更新cookie
2020-02-27 17:19:31,554 INFO: Loading KWallet
2020-02-27 17:19:31,555 INFO: Loading SecretService
2020-02-27 17:19:31,556 INFO: Loading Windows
2020-02-27 17:19:31,621 INFO: Loading chainer
2020-02-27 17:19:31,622 INFO: Loading macOS
2020-02-27 17:19:31,932 INFO: 校验是否登录[失败]
2020-02-27 17:19:31,933 INFO: 请在configDemo.ini文件下更新cookie
2020-02-27 17:19:36,976 INFO: 校验是否登录[失败]
2020-02-27 17:19:36,976 INFO: 请在configDemo.ini文件下更新cookie
2020-02-27 17:20:28,367 INFO: Loading KWallet
2020-02-27 17:20:28,368 INFO: Loading SecretService
2020-02-27 17:20:28,369 INFO: Loading Windows
2020-02-27 17:20:28,448 INFO: Loading chainer
2020-02-27 17:20:28,458 INFO: Loading macOS
2020-02-27 17:20:28,761 INFO: 校验是否登录[失败]
2020-02-27 17:20:28,761 INFO: 请在configDemo.ini文件下更新cookie
2020-02-27 17:21:22,699 INFO: Loading KWallet
2020-02-27 17:21:22,700 INFO: Loading SecretService
2020-02-27 17:21:22,702 INFO: Loading Windows
2020-02-27 17:21:22,780 INFO: Loading chainer
2020-02-27 17:21:22,781 INFO: Loading macOS
2020-02-27 17:21:23,123 INFO: 请在configDemo.ini文件下更新cookie
2020-02-27 17:21:28,185 INFO: 请在configDemo.ini文件下更新cookie
2020-02-27 17:21:47,812 INFO: Loading KWallet
2020-02-27 17:21:47,813 INFO: Loading SecretService
2020-02-27 17:21:47,814 INFO: Loading Windows
2020-02-27 17:21:47,890 INFO: Loading chainer
2020-02-27 17:21:47,891 INFO: Loading macOS
2020-02-27 17:21:48,199 INFO: 校验是否登录[失败]302
2020-02-27 17:21:48,199 INFO: 请在configDemo.ini文件下更新cookie
2020-02-27 17:30:36,406 INFO: Loading KWallet
2020-02-27 17:30:36,407 INFO: Loading SecretService
2020-02-27 17:30:36,409 INFO: Loading Windows
2020-02-27 17:30:36,482 INFO: Loading chainer
2020-02-27 17:30:36,483 INFO: Loading macOS
2020-02-27 17:30:36,518 ERROR: name 'request' is not defined
2020-02-27 17:30:53,289 INFO: 第【1】次请重新获取cookie
2020-02-27 17:30:58,486 INFO: 第【2】次请重新获取cookie
2020-02-27 17:32:38,052 INFO: Loading KWallet
2020-02-27 17:32:38,053 INFO: Loading SecretService
2020-02-27 17:32:38,054 INFO: Loading Windows
2020-02-27 17:32:38,127 INFO: Loading chainer
2020-02-27 17:32:38,127 INFO: Loading macOS
2020-02-27 17:32:38,158 ERROR: name 'request' is not defined
2020-02-27 17:32:48,973 INFO: 校验是否登录[成功]
2020-02-27 17:34:30,444 INFO: Loading KWallet
2020-02-27 17:34:30,445 INFO: Loading SecretService
2020-02-27 17:34:30,446 INFO: Loading Windows
2020-02-27 17:34:30,506 INFO: Loading chainer
2020-02-27 17:34:30,507 INFO: Loading macOS
2020-02-27 17:34:30,537 ERROR: name 'request' is not defined
2020-02-27 17:34:57,588 INFO: Loading KWallet
2020-02-27 17:34:57,589 INFO: Loading SecretService
2020-02-27 17:34:57,590 INFO: Loading Windows
2020-02-27 17:34:57,669 INFO: Loading chainer
2020-02-27 17:34:57,670 INFO: Loading macOS
2020-02-27 17:34:58,087 INFO: 校验是否登录[成功]
2020-02-27 17:35:01,045 INFO: 清空购物车
2020-02-27 17:35:01,045 INFO: 开始第0次 
2020-02-27 17:35:01,170 INFO: 检测[0]个口罩有货，[0]个口罩无货，[1]个口罩下柜，耗时[124]ms
2020-02-27 17:35:01,170 INFO: [100011385146]口罩已经下架
2020-02-27 17:35:01,170 INFO: [100011385146]已经移除下架商品
2020-02-27 17:35:01,472 INFO: 开始第1次 
2020-02-27 17:35:01,599 INFO: 检测[0]个口罩有货，[0]个口罩无货，[0]个口罩下柜，耗时[127]ms
2020-02-27 17:35:01,699 INFO: 开始第2次 
2020-02-27 17:35:01,824 INFO: 检测[0]个口罩有货，[0]个口罩无货，[0]个口罩下柜，耗时[125]ms
2020-02-27 17:35:01,925 INFO: 开始第3次 
2020-02-27 17:35:02,049 INFO: 检测[0]个口罩有货，[0]个口罩无货，[0]个口罩下柜，耗时[124]ms
2020-02-27 17:35:02,349 INFO: 开始第4次 
2020-02-27 17:35:02,475 INFO: 检测[0]个口罩有货，[0]个口罩无货，[0]个口罩下柜，耗时[126]ms
2020-02-27 17:35:02,675 INFO: 开始第5次 
2020-02-27 17:35:02,801 INFO: 检测[0]个口罩有货，[0]个口罩无货，[0]个口罩下柜，耗时[126]ms
2020-02-27 17:35:02,903 INFO: 开始第6次 
2020-02-27 17:35:03,029 INFO: 检测[0]个口罩有货，[0]个口罩无货，[0]个口罩下柜，耗时[126]ms
2020-02-27 17:35:03,230 INFO: 开始第7次 
2020-02-27 17:35:03,595 INFO: 检测[0]个口罩有货，[0]个口罩无货，[0]个口罩下柜，耗时[365]ms
2020-02-27 17:38:19,992 INFO: Loading KWallet
2020-02-27 17:38:19,993 INFO: Loading SecretService
2020-02-27 17:38:19,995 INFO: Loading Windows
2020-02-27 17:38:20,062 INFO: Loading chainer
2020-02-27 17:38:20,063 INFO: Loading macOS
2020-02-27 17:38:20,488 INFO: 校验是否登录[成功]
2020-02-27 17:38:22,352 INFO: 清空购物车
2020-02-27 17:38:22,353 INFO: 开始第0次 
2020-02-27 17:38:22,474 INFO: 检测[0]个口罩有货，[0]个口罩无货，[0]个口罩下柜，耗时[121]ms
2020-02-27 17:38:22,575 INFO: 开始第1次 
2020-02-27 17:38:22,703 INFO: 检测[0]个口罩有货，[0]个口罩无货，[0]个口罩下柜，耗时[128]ms
2020-02-27 17:38:22,904 INFO: 开始第2次 
2020-02-27 17:38:23,030 INFO: 检测[0]个口罩有货，[0]个口罩无货，[0]个口罩下柜，耗时[126]ms
2020-02-27 17:38:23,330 INFO: 开始第3次 
2020-02-27 17:38:23,455 INFO: 检测[0]个口罩有货，[0]个口罩无货，[0]个口罩下柜，耗时[125]ms
2020-02-27 17:38:23,556 INFO: 开始第4次 
2020-02-27 17:38:23,680 INFO: 检测[0]个口罩有货，[0]个口罩无货，[0]个口罩下柜，耗时[124]ms
2020-02-27 17:38:23,981 INFO: 开始第5次 
2020-02-27 17:38:24,106 INFO: 检测[0]个口罩有货，[0]个口罩无货，[0]个口罩下柜，耗时[125]ms
2020-02-27 17:38:24,307 INFO: 开始第6次 
2020-02-27 17:38:24,482 INFO: 检测[0]个口罩有货，[0]个口罩无货，[0]个口罩下柜，耗时[175]ms
2020-02-27 17:38:24,782 INFO: 开始第7次 
2020-02-27 17:38:24,906 INFO: 检测[0]个口罩有货，[0]个口罩无货，[0]个口罩下柜，耗时[124]ms
2020-02-27 17:38:25,006 INFO: 开始第8次 
2020-02-27 17:38:25,132 INFO: 检测[0]个口罩有货，[0]个口罩无货，[0]个口罩下柜，耗时[126]ms
2020-02-27 17:38:25,237 INFO: 开始第9次 
2020-02-27 17:38:39,009 INFO: 开始第10次 
2020-02-27 17:38:39,138 INFO: 检测[0]个口罩有货，[0]个口罩无货，[0]个口罩下柜，耗时[128]ms
2020-02-27 17:38:39,442 INFO: 开始第11次 
2020-02-27 17:38:39,564 INFO: 检测[0]个口罩有货，[0]个口罩无货，[0]个口罩下柜，耗时[122]ms
2020-02-27 17:38:39,913 INFO: 开始第12次 
2020-02-27 17:38:40,042 INFO: 检测[0]个口罩有货，[0]个口罩无货，[0]个口罩下柜，耗时[129]ms
2020-02-27 17:38:40,243 INFO: 开始第13次 
2020-02-27 17:38:40,377 INFO: 检测[0]个口罩有货，[0]个口罩无货，[0]个口罩下柜，耗时[134]ms
2020-02-27 17:38:40,678 INFO: 开始第14次 
2020-02-27 17:38:40,806 INFO: 检测[0]个口罩有货，[0]个口罩无货，[0]个口罩下柜，耗时[128]ms
2020-02-27 17:38:41,007 INFO: 开始第15次 
2020-02-27 17:38:41,401 INFO: 检测[0]个口罩有货，[0]个口罩无货，[0]个口罩下柜，耗时[394]ms
2020-02-27 17:38:41,501 INFO: 开始第16次 
2020-02-27 17:38:41,627 INFO: 检测[0]个口罩有货，[0]个口罩无货，[0]个口罩下柜，耗时[126]ms
2020-02-27 17:38:41,727 INFO: 开始第17次 
2020-02-27 17:38:41,893 INFO: 检测[0]个口罩有货，[0]个口罩无货，[0]个口罩下柜，耗时[166]ms
2020-02-27 17:38:42,094 INFO: 开始第18次 
2020-02-27 17:38:42,225 INFO: 检测[0]个口罩有货，[0]个口罩无货，[0]个口罩下柜，耗时[131]ms
2020-02-27 17:38:42,526 INFO: 开始第19次 
2020-02-27 17:38:42,655 INFO: 检测[0]个口罩有货，[0]个口罩无货，[0]个口罩下柜，耗时[129]ms
2020-02-27 17:38:42,855 INFO: 开始第20次 
2020-02-27 17:38:42,982 INFO: 检测[0]个口罩有货，[0]个口罩无货，[0]个口罩下柜，耗时[127]ms
2020-02-27 17:38:43,183 INFO: 开始第21次 
2020-02-27 17:38:43,320 INFO: 检测[0]个口罩有货，[0]个口罩无货，[0]个口罩下柜，耗时[137]ms
2020-02-27 17:38:43,421 INFO: 开始第22次 
2020-02-27 17:38:43,579 INFO: 检测[0]个口罩有货，[0]个口罩无货，[0]个口罩下柜，耗时[158]ms
2020-02-27 17:38:43,694 INFO: 开始第23次 
2020-02-27 17:38:43,816 INFO: 检测[0]个口罩有货，[0]个口罩无货，[0]个口罩下柜，耗时[122]ms
2020-02-27 17:38:44,117 INFO: 开始第24次 
2020-02-27 17:38:44,297 INFO: 检测[0]个口罩有货，[0]个口罩无货，[0]个口罩下柜，耗时[180]ms
2020-02-27 17:38:44,399 INFO: 开始第25次 
2020-02-27 17:38:44,524 INFO: 检测[0]个口罩有货，[0]个口罩无货，[0]个口罩下柜，耗时[125]ms
2020-02-27 17:38:44,825 INFO: 开始第26次 
2020-02-27 17:38:44,973 INFO: 检测[0]个口罩有货，[0]个口罩无货，[0]个口罩下柜，耗时[148]ms
2020-02-27 17:38:45,273 INFO: 开始第27次 
2020-02-27 17:38:45,405 INFO: 检测[0]个口罩有货，[0]个口罩无货，[0]个口罩下柜，耗时[132]ms
2020-02-27 17:38:45,506 INFO: 开始第28次 
2020-02-27 17:38:45,634 INFO: 检测[0]个口罩有货，[0]个口罩无货，[0]个口罩下柜，耗时[128]ms
2020-02-27 17:38:45,936 INFO: 开始第29次 
2020-02-27 17:38:46,066 INFO: 检测[0]个口罩有货，[0]个口罩无货，[0]个口罩下柜，耗时[126]ms
2020-02-27 17:38:46,367 INFO: 开始第30次 
2020-02-27 17:38:46,493 INFO: 检测[0]个口罩有货，[0]个口罩无货，[0]个口罩下柜，耗时[126]ms
2020-02-27 17:38:46,794 INFO: 开始第31次 
2020-02-27 17:38:47,922 INFO: 检测[0]个口罩有货，[0]个口罩无货，[0]个口罩下柜，耗时[1128]ms
2020-02-27 17:38:48,223 INFO: 开始第32次 
2020-02-27 17:38:48,624 INFO: 检测[0]个口罩有货，[0]个口罩无货，[0]个口罩下柜，耗时[401]ms
2020-02-27 17:38:48,726 INFO: 开始第33次 
2020-02-27 17:38:48,850 INFO: 检测[0]个口罩有货，[0]个口罩无货，[0]个口罩下柜，耗时[124]ms
2020-02-27 17:38:48,950 INFO: 开始第34次 
2020-02-27 17:38:49,086 INFO: 检测[0]个口罩有货，[0]个口罩无货，[0]个口罩下柜，耗时[136]ms
2020-02-27 17:38:49,286 INFO: 开始第35次 
2020-02-27 17:38:49,419 INFO: 检测[0]个口罩有货，[0]个口罩无货，[0]个口罩下柜，耗时[133]ms
2020-02-27 17:38:49,720 INFO: 开始第36次 
2020-02-27 17:38:49,849 INFO: 检测[0]个口罩有货，[0]个口罩无货，[0]个口罩下柜，耗时[129]ms
2020-02-27 17:38:50,050 INFO: 开始第37次 
2020-02-27 17:38:50,495 INFO: 检测[0]个口罩有货，[0]个口罩无货，[0]个口罩下柜，耗时[445]ms
2020-02-27 17:38:50,695 INFO: 开始第38次 
2020-02-27 17:38:50,824 INFO: 检测[0]个口罩有货，[0]个口罩无货，[0]个口罩下柜，耗时[129]ms
2020-02-27 17:38:51,024 INFO: 开始第39次 
2020-02-27 17:38:51,155 INFO: 检测[0]个口罩有货，[0]个口罩无货，[0]个口罩下柜，耗时[131]ms
2020-02-27 17:38:51,256 INFO: 开始第40次 
2020-02-27 17:38:51,392 INFO: 检测[0]个口罩有货，[0]个口罩无货，[0]个口罩下柜，耗时[136]ms
2020-02-27 17:38:51,693 INFO: 开始第41次 
2020-02-27 17:38:51,819 INFO: 检测[0]个口罩有货，[0]个口罩无货，[0]个口罩下柜，耗时[126]ms
2020-02-27 17:38:52,020 INFO: 开始第42次 
2020-02-27 17:38:52,151 INFO: 检测[0]个口罩有货，[0]个口罩无货，[0]个口罩下柜，耗时[131]ms
2020-02-27 17:38:52,353 INFO: 开始第43次 
2020-02-27 17:38:52,515 INFO: 检测[0]个口罩有货，[0]个口罩无货，[0]个口罩下柜，耗时[162]ms
2020-02-27 17:38:52,717 INFO: 开始第44次 
2020-02-27 17:38:52,859 INFO: 检测[0]个口罩有货，[0]个口罩无货，[0]个口罩下柜，耗时[142]ms
2020-02-27 17:38:52,960 INFO: 开始第45次 
2020-02-27 17:38:53,092 INFO: 检测[0]个口罩有货，[0]个口罩无货，[0]个口罩下柜，耗时[132]ms
2020-02-27 17:38:53,192 INFO: 开始第46次 
2020-02-27 17:38:53,324 INFO: 检测[0]个口罩有货，[0]个口罩无货，[0]个口罩下柜，耗时[132]ms
2020-02-27 17:38:53,426 INFO: 开始第47次 
2020-02-27 17:38:53,560 INFO: 检测[0]个口罩有货，[0]个口罩无货，[0]个口罩下柜，耗时[134]ms
2020-02-27 17:38:53,761 INFO: 开始第48次 
2020-02-27 17:38:53,923 INFO: 检测[0]个口罩有货，[0]个口罩无货，[0]个口罩下柜，耗时[162]ms
2020-02-27 17:38:54,224 INFO: 开始第49次 
2020-02-27 17:38:54,355 INFO: 检测[0]个口罩有货，[0]个口罩无货，[0]个口罩下柜，耗时[131]ms
2020-02-27 17:38:54,656 INFO: 开始第50次 
2020-02-27 17:38:54,783 INFO: 检测[0]个口罩有货，[0]个口罩无货，[0]个口罩下柜，耗时[127]ms
2020-02-27 17:38:54,885 INFO: 开始第51次 
2020-02-27 17:38:55,010 INFO: 检测[0]个口罩有货，[0]个口罩无货，[0]个口罩下柜，耗时[125]ms
2020-02-27 17:38:55,211 INFO: 开始第52次 
2020-02-27 17:38:55,362 INFO: 检测[0]个口罩有货，[0]个口罩无货，[0]个口罩下柜，耗时[151]ms
2020-02-27 17:38:55,663 INFO: 开始第53次 
2020-02-27 17:38:55,795 INFO: 检测[0]个口罩有货，[0]个口罩无货，[0]个口罩下柜，耗时[132]ms
2020-02-27 17:38:56,096 INFO: 开始第54次 
2020-02-27 17:38:59,611 INFO: 检测[0]个口罩有货，[0]个口罩无货，[0]个口罩下柜，耗时[3515]ms
2020-02-27 17:38:59,712 INFO: 开始第55次 
2020-02-27 17:39:00,841 INFO: 检测[0]个口罩有货，[0]个口罩无货，[0]个口罩下柜，耗时[1129]ms
2020-02-27 17:39:00,942 INFO: 开始第56次 
2020-02-27 17:39:01,072 INFO: 检测[0]个口罩有货，[0]个口罩无货，[0]个口罩下柜，耗时[130]ms
2020-02-27 17:39:01,274 INFO: 开始第57次 
2020-02-27 17:39:01,411 INFO: 检测[0]个口罩有货，[0]个口罩无货，[0]个口罩下柜，耗时[137]ms
2020-02-27 17:39:01,613 INFO: 开始第58次 
2020-02-27 17:39:02,017 INFO: 检测[0]个口罩有货，[0]个口罩无货，[0]个口罩下柜，耗时[403]ms
2020-02-27 17:39:02,317 INFO: 开始第59次 
2020-02-27 17:39:02,499 INFO: 检测[0]个口罩有货，[0]个口罩无货，[0]个口罩下柜，耗时[182]ms
2020-02-27 17:39:02,801 INFO: 开始第60次 
2020-02-27 17:39:02,927 INFO: 检测[0]个口罩有货，[0]个口罩无货，[0]个口罩下柜，耗时[126]ms
2020-02-27 17:39:03,229 INFO: 开始第61次 
2020-02-27 17:39:03,422 INFO: 检测[0]个口罩有货，[0]个口罩无货，[0]个口罩下柜，耗时[193]ms
2020-02-27 17:39:03,524 INFO: 开始第62次 
2020-02-27 17:39:03,697 INFO: 检测[0]个口罩有货，[0]个口罩无货，[0]个口罩下柜，耗时[173]ms
2020-02-27 17:39:03,997 INFO: 开始第63次 
2020-02-27 17:39:04,179 INFO: 检测[0]个口罩有货，[0]个口罩无货，[0]个口罩下柜，耗时[182]ms
2020-02-27 17:39:04,379 INFO: 开始第64次 
2020-02-27 17:39:04,507 INFO: 检测[0]个口罩有货，[0]个口罩无货，[0]个口罩下柜，耗时[128]ms
2020-02-27 17:39:04,609 INFO: 开始第65次 
2020-02-27 17:39:05,071 INFO: 检测[0]个口罩有货，[0]个口罩无货，[0]个口罩下柜，耗时[462]ms
2020-02-27 17:39:05,372 INFO: 开始第66次 
2020-02-27 17:39:05,498 INFO: 检测[0]个口罩有货，[0]个口罩无货，[0]个口罩下柜，耗时[126]ms
2020-02-27 17:39:05,699 INFO: 开始第67次 
2020-02-27 17:39:05,836 INFO: 检测[0]个口罩有货，[0]个口罩无货，[0]个口罩下柜，耗时[137]ms
2020-02-27 17:39:05,938 INFO: 开始第68次 
2020-02-27 17:39:06,072 INFO: 检测[0]个口罩有货，[0]个口罩无货，[0]个口罩下柜，耗时[133]ms
2020-02-27 17:39:06,172 INFO: 开始第69次 
2020-02-27 17:39:06,449 INFO: 检测[0]个口罩有货，[0]个口罩无货，[0]个口罩下柜，耗时[277]ms
2020-02-27 17:39:06,750 INFO: 开始第70次 
2020-02-27 17:39:06,895 INFO: 检测[0]个口罩有货，[0]个口罩无货，[0]个口罩下柜，耗时[145]ms
2020-02-27 17:39:06,996 INFO: 开始第71次 
2020-02-27 17:39:07,139 INFO: 检测[0]个口罩有货，[0]个口罩无货，[0]个口罩下柜，耗时[143]ms
2020-02-27 17:39:07,439 INFO: 开始第72次 
2020-02-27 17:39:07,566 INFO: 检测[0]个口罩有货，[0]个口罩无货，[0]个口罩下柜，耗时[127]ms
2020-02-27 17:39:07,866 INFO: 开始第73次 
2020-02-27 17:39:09,846 INFO: 检测[0]个口罩有货，[0]个口罩无货，[0]个口罩下柜，耗时[1980]ms
2020-02-27 17:39:10,047 INFO: 开始第74次 
2020-02-27 17:39:10,186 INFO: 检测[0]个口罩有货，[0]个口罩无货，[0]个口罩下柜，耗时[132]ms
2020-02-27 17:39:10,288 INFO: 开始第75次 
2020-02-27 17:39:10,421 INFO: 检测[0]个口罩有货，[0]个口罩无货，[0]个口罩下柜，耗时[133]ms
2020-02-27 17:39:10,623 INFO: 开始第76次 
2020-02-27 17:39:10,752 INFO: 检测[0]个口罩有货，[0]个口罩无货，[0]个口罩下柜，耗时[129]ms
2020-02-27 17:39:11,054 INFO: 开始第77次 
2020-02-27 17:39:11,191 INFO: 检测[0]个口罩有货，[0]个口罩无货，[0]个口罩下柜，耗时[137]ms
2020-02-27 17:39:11,392 INFO: 开始第78次 
2020-02-27 17:39:11,534 INFO: 检测[0]个口罩有货，[0]个口罩无货，[0]个口罩下柜，耗时[142]ms
2020-02-27 17:39:11,734 INFO: 开始第79次 
2020-02-27 17:39:11,865 INFO: 检测[0]个口罩有货，[0]个口罩无货，[0]个口罩下柜，耗时[131]ms
2020-02-27 17:39:12,065 INFO: 开始第80次 
2020-02-27 17:39:12,195 INFO: 检测[0]个口罩有货，[0]个口罩无货，[0]个口罩下柜，耗时[129]ms
2020-02-27 17:39:12,496 INFO: 开始第81次 
2020-02-27 17:39:12,623 INFO: 检测[0]个口罩有货，[0]个口罩无货，[0]个口罩下柜，耗时[127]ms
2020-02-27 17:39:12,825 INFO: 开始第82次 
2020-02-27 17:39:12,955 INFO: 检测[0]个口罩有货，[0]个口罩无货，[0]个口罩下柜，耗时[130]ms
2020-02-27 17:39:13,257 INFO: 开始第83次 
2020-02-27 17:39:13,474 INFO: 检测[0]个口罩有货，[0]个口罩无货，[0]个口罩下柜，耗时[217]ms
2020-02-27 17:39:13,575 INFO: 开始第84次 
2020-02-27 17:39:14,025 INFO: 检测[0]个口罩有货，[0]个口罩无货，[0]个口罩下柜，耗时[450]ms
2020-02-27 17:39:14,326 INFO: 开始第85次 
2020-02-27 17:39:14,457 INFO: 检测[0]个口罩有货，[0]个口罩无货，[0]个口罩下柜，耗时[131]ms
2020-02-27 17:39:14,559 INFO: 开始第86次 
2020-02-27 17:39:14,687 INFO: 检测[0]个口罩有货，[0]个口罩无货，[0]个口罩下柜，耗时[128]ms
2020-02-27 17:39:14,887 INFO: 开始第87次 
2020-02-27 17:39:15,027 INFO: 检测[0]个口罩有货，[0]个口罩无货，[0]个口罩下柜，耗时[140]ms
2020-02-27 17:39:15,227 INFO: 开始第88次 
2020-02-27 17:39:15,394 INFO: 检测[0]个口罩有货，[0]个口罩无货，[0]个口罩下柜，耗时[167]ms
2020-02-27 17:39:15,694 INFO: 开始第89次 
2020-02-27 17:39:15,822 INFO: 检测[0]个口罩有货，[0]个口罩无货，[0]个口罩下柜，耗时[128]ms
2020-02-27 17:39:15,923 INFO: 开始第90次 
2020-02-27 17:39:16,054 INFO: 检测[0]个口罩有货，[0]个口罩无货，[0]个口罩下柜，耗时[131]ms
2020-02-27 17:39:16,354 INFO: 开始第91次 
2020-02-27 17:39:16,478 INFO: 检测[0]个口罩有货，[0]个口罩无货，[0]个口罩下柜，耗时[124]ms
2020-02-27 17:39:16,779 INFO: 开始第92次 
2020-02-27 17:39:16,910 INFO: 检测[0]个口罩有货，[0]个口罩无货，[0]个口罩下柜，耗时[131]ms
2020-02-27 17:39:17,111 INFO: 开始第93次 
2020-02-27 17:39:17,237 INFO: 检测[0]个口罩有货，[0]个口罩无货，[0]个口罩下柜，耗时[126]ms
2020-02-27 17:39:17,338 INFO: 开始第94次 
2020-02-27 17:39:17,463 INFO: 检测[0]个口罩有货，[0]个口罩无货，[0]个口罩下柜，耗时[125]ms
2020-02-27 17:39:17,665 INFO: 开始第95次 
2020-02-27 17:39:17,797 INFO: 检测[0]个口罩有货，[0]个口罩无货，[0]个口罩下柜，耗时[132]ms
2020-02-27 17:39:18,098 INFO: 开始第96次 
2020-02-27 17:39:18,231 INFO: 检测[0]个口罩有货，[0]个口罩无货，[0]个口罩下柜，耗时[133]ms
2020-02-27 17:39:18,331 INFO: 开始第97次 
2020-02-27 17:39:18,464 INFO: 检测[0]个口罩有货，[0]个口罩无货，[0]个口罩下柜，耗时[133]ms
2020-02-27 17:39:18,765 INFO: 开始第98次 
2020-02-27 17:39:18,891 INFO: 检测[0]个口罩有货，[0]个口罩无货，[0]个口罩下柜，耗时[126]ms
2020-02-27 17:39:18,993 INFO: 开始第99次 
2020-02-27 17:39:19,118 INFO: 检测[0]个口罩有货，[0]个口罩无货，[0]个口罩下柜，耗时[125]ms
2020-02-27 17:39:19,419 INFO: 校验是否还在登录
2020-02-27 17:39:29,421 INFO: 开始第100次 
2020-02-27 17:39:29,551 INFO: 检测[0]个口罩有货，[0]个口罩无货，[0]个口罩下柜，耗时[130]ms
2020-02-27 17:39:29,752 INFO: 开始第101次 
2020-02-27 17:39:29,880 INFO: 检测[0]个口罩有货，[0]个口罩无货，[0]个口罩下柜，耗时[128]ms
2020-02-27 17:39:30,180 INFO: 开始第102次 
2020-02-27 17:39:30,627 INFO: 检测[0]个口罩有货，[0]个口罩无货，[0]个口罩下柜，耗时[447]ms
2020-02-27 17:39:30,827 INFO: 开始第103次 
2020-02-27 17:39:31,354 INFO: 检测[0]个口罩有货，[0]个口罩无货，[0]个口罩下柜，耗时[527]ms
2020-02-27 17:39:31,555 INFO: 开始第104次 
2020-02-27 17:39:31,690 INFO: 检测[0]个口罩有货，[0]个口罩无货，[0]个口罩下柜，耗时[135]ms
2020-02-27 17:39:31,891 INFO: 开始第105次 
2020-02-27 17:39:32,019 INFO: 检测[0]个口罩有货，[0]个口罩无货，[0]个口罩下柜，耗时[128]ms
2020-02-27 17:39:32,319 INFO: 开始第106次 
2020-02-27 17:39:32,444 INFO: 检测[0]个口罩有货，[0]个口罩无货，[0]个口罩下柜，耗时[125]ms
2020-02-27 17:39:32,645 INFO: 开始第107次 
2020-02-27 17:39:32,769 INFO: 检测[0]个口罩有货，[0]个口罩无货，[0]个口罩下柜，耗时[124]ms
2020-02-27 17:39:32,870 INFO: 开始第108次 
2020-02-27 17:39:32,996 INFO: 检测[0]个口罩有货，[0]个口罩无货，[0]个口罩下柜，耗时[126]ms
2020-02-27 17:39:33,098 INFO: 开始第109次 
2020-02-27 17:39:33,226 INFO: 检测[0]个口罩有货，[0]个口罩无货，[0]个口罩下柜，耗时[128]ms
2020-02-27 17:39:33,427 INFO: 开始第110次 
2020-02-27 17:39:33,561 INFO: 检测[0]个口罩有货，[0]个口罩无货，[0]个口罩下柜，耗时[134]ms
2020-02-27 17:39:33,761 INFO: 开始第111次 
2020-02-27 17:39:33,904 INFO: 检测[0]个口罩有货，[0]个口罩无货，[0]个口罩下柜，耗时[143]ms
2020-02-27 17:39:34,105 INFO: 开始第112次 
2020-02-27 17:39:34,244 INFO: 检测[0]个口罩有货，[0]个口罩无货，[0]个口罩下柜，耗时[139]ms
2020-02-27 17:39:34,546 INFO: 开始第113次 
2020-02-27 17:39:34,710 INFO: 检测[0]个口罩有货，[0]个口罩无货，[0]个口罩下柜，耗时[164]ms
2020-02-27 17:39:34,812 INFO: 开始第114次 
2020-02-27 17:39:49,235 INFO: 检测[0]个口罩有货，[0]个口罩无货，[0]个口罩下柜，耗时[14423]ms
2020-02-27 17:39:49,337 INFO: 开始第115次 
2020-02-27 17:39:49,466 INFO: 检测[0]个口罩有货，[0]个口罩无货，[0]个口罩下柜，耗时[129]ms
2020-02-27 17:39:49,616 INFO: 开始第116次 
2020-02-27 17:39:49,741 INFO: 检测[0]个口罩有货，[0]个口罩无货，[0]个口罩下柜，耗时[125]ms
2020-02-27 17:39:49,842 INFO: 开始第117次 
2020-02-27 17:39:49,967 INFO: 检测[0]个口罩有货，[0]个口罩无货，[0]个口罩下柜，耗时[125]ms
2020-02-27 17:39:50,168 INFO: 开始第118次 
2020-02-27 17:39:50,292 INFO: 检测[0]个口罩有货，[0]个口罩无货，[0]个口罩下柜，耗时[124]ms
2020-02-27 17:39:50,393 INFO: 开始第119次 
2020-02-27 17:39:50,536 INFO: 检测[0]个口罩有货，[0]个口罩无货，[0]个口罩下柜，耗时[127]ms
2020-02-27 17:39:50,738 INFO: 开始第120次 
2020-02-27 17:39:50,889 INFO: 检测[0]个口罩有货，[0]个口罩无货，[0]个口罩下柜，耗时[126]ms
2020-02-27 17:39:51,089 INFO: 开始第121次 
2020-02-27 17:39:51,218 INFO: 检测[0]个口罩有货，[0]个口罩无货，[0]个口罩下柜，耗时[129]ms
2020-02-27 17:39:51,518 INFO: 开始第122次 
2020-02-27 17:39:51,641 INFO: 检测[0]个口罩有货，[0]个口罩无货，[0]个口罩下柜，耗时[123]ms
2020-02-27 17:39:51,942 INFO: 开始第123次 
2020-02-27 17:39:52,075 INFO: 检测[0]个口罩有货，[0]个口罩无货，[0]个口罩下柜，耗时[133]ms
2020-02-27 17:39:52,176 INFO: 开始第124次 
2020-02-27 17:39:52,305 INFO: 检测[0]个口罩有货，[0]个口罩无货，[0]个口罩下柜，耗时[129]ms
2020-02-27 17:39:52,410 INFO: 开始第125次 
2020-02-27 17:39:52,539 INFO: 检测[0]个口罩有货，[0]个口罩无货，[0]个口罩下柜，耗时[129]ms
2020-02-27 17:39:52,839 INFO: 开始第126次 
2020-02-27 17:39:52,967 INFO: 检测[0]个口罩有货，[0]个口罩无货，[0]个口罩下柜，耗时[128]ms
2020-02-27 17:39:53,169 INFO: 开始第127次 
2020-02-27 17:39:53,300 INFO: 检测[0]个口罩有货，[0]个口罩无货，[0]个口罩下柜，耗时[131]ms
2020-02-27 17:39:53,502 INFO: 开始第128次 
2020-02-27 17:39:53,649 INFO: 检测[0]个口罩有货，[0]个口罩无货，[0]个口罩下柜，耗时[147]ms
2020-02-27 17:39:53,750 INFO: 开始第129次 
2020-02-27 17:39:53,874 INFO: 检测[0]个口罩有货，[0]个口罩无货，[0]个口罩下柜，耗时[124]ms
2020-02-27 17:39:53,975 INFO: 开始第130次 
2020-02-27 17:39:54,100 INFO: 检测[0]个口罩有货，[0]个口罩无货，[0]个口罩下柜，耗时[125]ms
2020-02-27 17:39:54,302 INFO: 开始第131次 
2020-02-27 17:39:54,435 INFO: 检测[0]个口罩有货，[0]个口罩无货，[0]个口罩下柜，耗时[133]ms
2020-02-27 17:39:54,540 INFO: 开始第132次 
2020-02-27 17:39:54,720 INFO: 检测[0]个口罩有货，[0]个口罩无货，[0]个口罩下柜，耗时[180]ms
2020-02-27 17:39:54,822 INFO: 开始第133次 
2020-02-27 17:39:54,946 INFO: 检测[0]个口罩有货，[0]个口罩无货，[0]个口罩下柜，耗时[124]ms
2020-02-27 17:39:55,147 INFO: 开始第134次 
2020-02-27 17:39:55,275 INFO: 检测[0]个口罩有货，[0]个口罩无货，[0]个口罩下柜，耗时[128]ms
2020-02-27 17:39:55,576 INFO: 开始第135次 
2020-02-27 17:39:55,709 INFO: 检测[0]个口罩有货，[0]个口罩无货，[0]个口罩下柜，耗时[133]ms
2020-02-27 17:39:56,011 INFO: 开始第136次 
2020-02-27 17:39:56,138 INFO: 检测[0]个口罩有货，[0]个口罩无货，[0]个口罩下柜，耗时[127]ms
2020-02-27 17:39:56,239 INFO: 开始第137次 
2020-02-27 17:39:56,362 INFO: 检测[0]个口罩有货，[0]个口罩无货，[0]个口罩下柜，耗时[122]ms
2020-02-27 17:39:56,464 INFO: 开始第138次 
2020-02-27 17:39:56,591 INFO: 检测[0]个口罩有货，[0]个口罩无货，[0]个口罩下柜，耗时[127]ms
2020-02-27 17:39:56,901 INFO: 开始第139次 
2020-02-27 17:39:57,027 INFO: 检测[0]个口罩有货，[0]个口罩无货，[0]个口罩下柜，耗时[126]ms
2020-02-27 17:39:57,228 INFO: 开始第140次 
2020-02-27 17:39:57,358 INFO: 检测[0]个口罩有货，[0]个口罩无货，[0]个口罩下柜，耗时[130]ms
2020-02-27 17:39:57,459 INFO: 开始第141次 
2020-02-27 17:39:57,584 INFO: 检测[0]个口罩有货，[0]个口罩无货，[0]个口罩下柜，耗时[125]ms
2020-02-27 17:39:57,785 INFO: 开始第142次 
2020-02-27 17:39:57,911 INFO: 检测[0]个口罩有货，[0]个口罩无货，[0]个口罩下柜，耗时[126]ms
2020-02-27 17:39:58,111 INFO: 开始第143次 
2020-02-27 17:39:58,239 INFO: 检测[0]个口罩有货，[0]个口罩无货，[0]个口罩下柜，耗时[128]ms
2020-02-27 17:39:58,440 INFO: 开始第144次 
2020-02-27 17:39:58,567 INFO: 检测[0]个口罩有货，[0]个口罩无货，[0]个口罩下柜，耗时[127]ms
2020-02-27 17:39:58,767 INFO: 开始第145次 
2020-02-27 17:39:58,894 INFO: 检测[0]个口罩有货，[0]个口罩无货，[0]个口罩下柜，耗时[127]ms
2020-02-27 17:39:59,194 INFO: 开始第146次 
2020-02-27 17:39:59,320 INFO: 检测[0]个口罩有货，[0]个口罩无货，[0]个口罩下柜，耗时[126]ms
2020-02-27 17:39:59,422 INFO: 开始第147次 
2020-02-27 17:39:59,547 INFO: 检测[0]个口罩有货，[0]个口罩无货，[0]个口罩下柜，耗时[125]ms
2020-02-27 17:39:59,651 INFO: 开始第148次 
2020-02-27 17:39:59,776 INFO: 检测[0]个口罩有货，[0]个口罩无货，[0]个口罩下柜，耗时[125]ms
2020-02-27 17:39:59,977 INFO: 开始第149次 
2020-02-27 17:40:00,102 INFO: 检测[0]个口罩有货，[0]个口罩无货，[0]个口罩下柜，耗时[125]ms
2020-02-27 17:40:00,403 INFO: 开始第150次 
2020-02-27 17:40:00,543 INFO: 检测[0]个口罩有货，[0]个口罩无货，[0]个口罩下柜，耗时[139]ms
2020-02-27 17:40:00,743 INFO: 开始第151次 
2020-02-27 17:40:00,888 INFO: 检测[0]个口罩有货，[0]个口罩无货，[0]个口罩下柜，耗时[145]ms
2020-02-27 17:40:00,990 INFO: 开始第152次 
2020-02-27 17:40:01,124 INFO: 检测[0]个口罩有货，[0]个口罩无货，[0]个口罩下柜，耗时[126]ms
2020-02-27 17:40:01,325 INFO: 开始第153次 
2020-02-27 17:40:01,466 INFO: 检测[0]个口罩有货，[0]个口罩无货，[0]个口罩下柜，耗时[141]ms
2020-02-27 17:40:01,667 INFO: 开始第154次 
2020-02-27 17:40:01,795 INFO: 检测[0]个口罩有货，[0]个口罩无货，[0]个口罩下柜，耗时[128]ms
2020-02-27 17:40:01,996 INFO: 开始第155次 
2020-02-27 17:40:02,123 INFO: 检测[0]个口罩有货，[0]个口罩无货，[0]个口罩下柜，耗时[126]ms
2020-02-27 17:40:02,324 INFO: 开始第156次 
2020-02-27 17:40:02,495 INFO: 检测[0]个口罩有货，[0]个口罩无货，[0]个口罩下柜，耗时[170]ms
2020-02-27 17:40:02,796 INFO: 开始第157次 
2020-02-27 17:40:02,929 INFO: 检测[0]个口罩有货，[0]个口罩无货，[0]个口罩下柜，耗时[125]ms
2020-02-27 17:40:03,030 INFO: 开始第158次 
2020-02-27 17:40:03,168 INFO: 检测[0]个口罩有货，[0]个口罩无货，[0]个口罩下柜，耗时[138]ms
2020-02-27 17:40:03,369 INFO: 开始第159次 
2020-02-27 17:40:03,494 INFO: 检测[0]个口罩有货，[0]个口罩无货，[0]个口罩下柜，耗时[125]ms
2020-02-27 17:40:03,795 INFO: 开始第160次 
2020-02-27 17:40:03,920 INFO: 检测[0]个口罩有货，[0]个口罩无货，[0]个口罩下柜，耗时[125]ms
2020-02-27 17:40:04,022 INFO: 开始第161次 
2020-02-27 17:40:04,155 INFO: 检测[0]个口罩有货，[0]个口罩无货，[0]个口罩下柜，耗时[130]ms
2020-02-27 17:40:04,261 INFO: 开始第162次 
2020-02-27 17:40:04,392 INFO: 检测[0]个口罩有货，[0]个口罩无货，[0]个口罩下柜，耗时[130]ms
2020-02-27 17:40:04,692 INFO: 开始第163次 
2020-02-27 17:40:04,820 INFO: 检测[0]个口罩有货，[0]个口罩无货，[0]个口罩下柜，耗时[128]ms
2020-02-27 17:40:04,922 INFO: 开始第164次 
2020-02-27 17:40:05,046 INFO: 检测[0]个口罩有货，[0]个口罩无货，[0]个口罩下柜，耗时[123]ms
2020-02-27 17:40:05,148 INFO: 开始第165次 
2020-02-27 17:40:06,276 INFO: 检测[0]个口罩有货，[0]个口罩无货，[0]个口罩下柜，耗时[1128]ms
2020-02-27 17:40:06,478 INFO: 开始第166次 
2020-02-27 17:40:06,638 INFO: 检测[0]个口罩有货，[0]个口罩无货，[0]个口罩下柜，耗时[126]ms
2020-02-27 17:40:06,739 INFO: 开始第167次 
2020-02-27 17:40:06,896 INFO: 检测[0]个口罩有货，[0]个口罩无货，[0]个口罩下柜，耗时[129]ms
2020-02-27 17:40:07,103 INFO: 开始第168次 
2020-02-27 17:40:07,231 INFO: 检测[0]个口罩有货，[0]个口罩无货，[0]个口罩下柜，耗时[128]ms
2020-02-27 17:40:07,532 INFO: 开始第169次 
2020-02-27 17:40:07,655 INFO: 检测[0]个口罩有货，[0]个口罩无货，[0]个口罩下柜，耗时[123]ms
2020-02-27 17:40:07,856 INFO: 开始第170次 
2020-02-27 17:40:07,982 INFO: 检测[0]个口罩有货，[0]个口罩无货，[0]个口罩下柜，耗时[126]ms
2020-02-27 17:40:08,282 INFO: 开始第171次 
2020-02-27 17:40:08,414 INFO: 检测[0]个口罩有货，[0]个口罩无货，[0]个口罩下柜，耗时[130]ms
2020-02-27 17:40:08,615 INFO: 开始第172次 
2020-02-27 17:40:08,744 INFO: 检测[0]个口罩有货，[0]个口罩无货，[0]个口罩下柜，耗时[129]ms
2020-02-27 17:40:09,045 INFO: 开始第173次 
2020-02-27 17:40:09,585 INFO: 检测[0]个口罩有货，[0]个口罩无货，[0]个口罩下柜，耗时[540]ms
2020-02-27 17:40:09,685 INFO: 开始第174次 
2020-02-27 17:40:09,814 INFO: 检测[0]个口罩有货，[0]个口罩无货，[0]个口罩下柜，耗时[129]ms
2020-02-27 17:40:10,015 INFO: 开始第175次 
2020-02-27 17:40:10,141 INFO: 检测[0]个口罩有货，[0]个口罩无货，[0]个口罩下柜，耗时[126]ms
2020-02-27 17:40:10,442 INFO: 开始第176次 
2020-02-27 17:40:10,573 INFO: 检测[0]个口罩有货，[0]个口罩无货，[0]个口罩下柜，耗时[131]ms
2020-02-27 17:40:10,775 INFO: 开始第177次 
2020-02-27 17:40:10,904 INFO: 检测[0]个口罩有货，[0]个口罩无货，[0]个口罩下柜，耗时[129]ms
2020-02-27 17:40:11,205 INFO: 开始第178次 
2020-02-27 17:40:11,727 INFO: 检测[0]个口罩有货，[0]个口罩无货，[0]个口罩下柜，耗时[522]ms
2020-02-27 17:40:11,828 INFO: 开始第179次 
2020-02-27 17:40:11,953 INFO: 检测[0]个口罩有货，[0]个口罩无货，[0]个口罩下柜，耗时[125]ms
2020-02-27 17:40:12,054 INFO: 开始第180次 
2020-02-27 17:40:12,187 INFO: 检测[0]个口罩有货，[0]个口罩无货，[0]个口罩下柜，耗时[129]ms
2020-02-27 17:40:12,288 INFO: 开始第181次 
2020-02-27 17:40:12,422 INFO: 检测[0]个口罩有货，[0]个口罩无货，[0]个口罩下柜，耗时[134]ms
2020-02-27 17:40:12,723 INFO: 开始第182次 
2020-02-27 17:40:12,854 INFO: 检测[0]个口罩有货，[0]个口罩无货，[0]个口罩下柜，耗时[131]ms
2020-02-27 17:40:13,156 INFO: 开始第183次 
2020-02-27 17:40:13,285 INFO: 检测[0]个口罩有货，[0]个口罩无货，[0]个口罩下柜，耗时[129]ms
2020-02-27 17:40:13,586 INFO: 开始第184次 
2020-02-27 17:40:13,709 INFO: 检测[0]个口罩有货，[0]个口罩无货，[0]个口罩下柜，耗时[123]ms
2020-02-27 17:40:13,926 INFO: 开始第185次 
2020-02-27 17:40:14,061 INFO: 检测[0]个口罩有货，[0]个口罩无货，[0]个口罩下柜，耗时[135]ms
2020-02-27 17:40:14,362 INFO: 开始第186次 
2020-02-27 17:40:14,488 INFO: 检测[0]个口罩有货，[0]个口罩无货，[0]个口罩下柜，耗时[126]ms
2020-02-27 17:40:14,590 INFO: 开始第187次 
2020-02-27 17:40:14,718 INFO: 检测[0]个口罩有货，[0]个口罩无货，[0]个口罩下柜，耗时[128]ms
2020-02-27 17:40:14,919 INFO: 开始第188次 
2020-02-27 17:40:15,054 INFO: 检测[0]个口罩有货，[0]个口罩无货，[0]个口罩下柜，耗时[126]ms
2020-02-27 17:40:15,256 INFO: 开始第189次 
2020-02-27 17:40:15,392 INFO: 检测[0]个口罩有货，[0]个口罩无货，[0]个口罩下柜，耗时[136]ms
2020-02-27 17:40:15,594 INFO: 开始第190次 
2020-02-27 17:40:15,725 INFO: 检测[0]个口罩有货，[0]个口罩无货，[0]个口罩下柜，耗时[131]ms
2020-02-27 17:40:15,827 INFO: 开始第191次 
2020-02-27 17:40:15,955 INFO: 检测[0]个口罩有货，[0]个口罩无货，[0]个口罩下柜，耗时[127]ms
2020-02-27 17:40:16,156 INFO: 开始第192次 
2020-02-27 17:40:16,298 INFO: 检测[0]个口罩有货，[0]个口罩无货，[0]个口罩下柜，耗时[142]ms
2020-02-27 17:40:16,499 INFO: 开始第193次 
2020-02-27 17:40:16,669 INFO: 检测[0]个口罩有货，[0]个口罩无货，[0]个口罩下柜，耗时[169]ms
2020-02-27 17:40:16,769 INFO: 开始第194次 
2020-02-27 17:40:16,973 INFO: 检测[0]个口罩有货，[0]个口罩无货，[0]个口罩下柜，耗时[204]ms
2020-02-27 17:40:17,274 INFO: 开始第195次 
2020-02-27 17:40:18,403 INFO: 检测[0]个口罩有货，[0]个口罩无货，[0]个口罩下柜，耗时[1129]ms
2020-02-27 17:40:18,703 INFO: 开始第196次 
2020-02-27 17:40:18,834 INFO: 检测[0]个口罩有货，[0]个口罩无货，[0]个口罩下柜，耗时[129]ms
2020-02-27 17:40:19,152 INFO: 开始第197次 
2020-02-27 17:40:19,304 INFO: 检测[0]个口罩有货，[0]个口罩无货，[0]个口罩下柜，耗时[138]ms
2020-02-27 17:40:19,506 INFO: 开始第198次 
2020-02-27 17:40:19,670 INFO: 检测[0]个口罩有货，[0]个口罩无货，[0]个口罩下柜，耗时[164]ms
2020-02-27 17:40:19,771 INFO: 开始第199次 
2020-02-27 17:40:19,911 INFO: 检测[0]个口罩有货，[0]个口罩无货，[0]个口罩下柜，耗时[132]ms
2020-02-27 17:40:20,121 INFO: 校验是否还在登录
2020-02-27 17:40:30,125 INFO: 开始第200次 
2020-02-27 17:40:30,260 INFO: 检测[0]个口罩有货，[0]个口罩无货，[0]个口罩下柜，耗时[135]ms
2020-02-27 17:40:30,460 INFO: 开始第201次 
2020-02-27 17:40:30,586 INFO: 检测[0]个口罩有货，[0]个口罩无货，[0]个口罩下柜，耗时[126]ms
2020-02-27 17:40:30,805 INFO: 开始第202次 
2020-02-27 17:40:30,936 INFO: 检测[0]个口罩有货，[0]个口罩无货，[0]个口罩下柜，耗时[131]ms
2020-02-27 17:40:31,038 INFO: 开始第203次 
2020-02-27 17:40:31,160 INFO: 检测[0]个口罩有货，[0]个口罩无货，[0]个口罩下柜，耗时[122]ms
2020-02-27 17:40:31,462 INFO: 开始第204次 
2020-02-27 17:40:31,591 INFO: 检测[0]个口罩有货，[0]个口罩无货，[0]个口罩下柜，耗时[129]ms
2020-02-27 17:40:31,693 INFO: 开始第205次 
2020-02-27 17:40:43,165 INFO: Loading KWallet
2020-02-27 17:40:43,166 INFO: Loading SecretService
2020-02-27 17:40:43,167 INFO: Loading Windows
2020-02-27 17:40:43,227 INFO: Loading chainer
2020-02-27 17:40:43,228 INFO: Loading macOS
2020-02-27 17:40:43,629 INFO: 校验是否登录[成功]
2020-02-27 17:40:45,594 INFO: 清空购物车
2020-02-27 17:40:45,595 INFO: 开始第0次 
2020-02-27 17:40:45,725 INFO: 检测[0]个口罩有货，[0]个口罩无货，[0]个口罩下柜，耗时[130]ms
2020-02-27 17:40:46,026 INFO: 开始第1次 
2020-02-27 17:40:46,154 INFO: 检测[0]个口罩有货，[0]个口罩无货，[0]个口罩下柜，耗时[128]ms
2020-02-27 17:40:46,454 INFO: 开始第2次 
2020-02-27 17:40:46,589 INFO: 检测[0]个口罩有货，[0]个口罩无货，[0]个口罩下柜，耗时[135]ms
2020-02-27 17:40:46,690 INFO: 开始第3次 
2020-02-27 17:40:46,819 INFO: 检测[0]个口罩有货，[0]个口罩无货，[0]个口罩下柜，耗时[129]ms
2020-02-27 17:40:46,921 INFO: 开始第4次 
2020-02-27 17:40:47,060 INFO: 检测[0]个口罩有货，[0]个口罩无货，[0]个口罩下柜，耗时[139]ms
2020-02-27 17:40:47,361 INFO: 开始第5次 
2020-02-27 17:40:47,483 INFO: 检测[0]个口罩有货，[0]个口罩无货，[0]个口罩下柜，耗时[122]ms
2020-02-27 17:40:47,785 INFO: 开始第6次 
2020-02-27 17:40:47,947 INFO: 检测[0]个口罩有货，[0]个口罩无货，[0]个口罩下柜，耗时[162]ms
2020-02-27 17:40:48,149 INFO: 开始第7次 
2020-02-27 17:40:49,978 INFO: 检测[0]个口罩有货，[0]个口罩无货，[0]个口罩下柜，耗时[1829]ms
2020-02-27 17:40:50,278 INFO: 开始第8次 
2020-02-27 17:40:50,423 INFO: 检测[0]个口罩有货，[0]个口罩无货，[0]个口罩下柜，耗时[126]ms
2020-02-27 17:40:50,524 INFO: 开始第9次 
2020-02-27 17:40:50,651 INFO: 检测[0]个口罩有货，[0]个口罩无货，[0]个口罩下柜，耗时[127]ms
2020-02-27 17:40:50,753 INFO: 开始第10次 
2020-02-27 17:40:50,880 INFO: 检测[0]个口罩有货，[0]个口罩无货，[0]个口罩下柜，耗时[127]ms
2020-02-27 17:40:51,181 INFO: 开始第11次 
2020-02-27 17:40:51,308 INFO: 检测[0]个口罩有货，[0]个口罩无货，[0]个口罩下柜，耗时[127]ms
2020-02-27 17:40:51,509 INFO: 开始第12次 
2020-02-27 17:40:51,645 INFO: 检测[0]个口罩有货，[0]个口罩无货，[0]个口罩下柜，耗时[136]ms
2020-02-27 17:40:51,746 INFO: 开始第13次 
2020-02-27 17:40:51,931 INFO: 检测[0]个口罩有货，[0]个口罩无货，[0]个口罩下柜，耗时[185]ms
2020-02-27 17:40:52,040 INFO: 开始第14次 
2020-02-27 17:40:52,491 INFO: 检测[0]个口罩有货，[0]个口罩无货，[0]个口罩下柜，耗时[450]ms
2020-02-27 17:40:52,792 INFO: 开始第15次 
2020-02-27 17:40:52,924 INFO: 检测[0]个口罩有货，[0]个口罩无货，[0]个口罩下柜，耗时[131]ms
2020-02-27 17:40:53,260 INFO: 开始第16次 
2020-02-27 17:40:54,396 INFO: 检测[0]个口罩有货，[0]个口罩无货，[0]个口罩下柜，耗时[1136]ms
2020-02-27 17:40:54,597 INFO: 开始第17次 
2020-02-27 17:40:54,742 INFO: 检测[0]个口罩有货，[0]个口罩无货，[0]个口罩下柜，耗时[125]ms
2020-02-27 17:40:55,058 INFO: 开始第18次 
2020-02-27 17:40:55,195 INFO: 检测[0]个口罩有货，[0]个口罩无货，[0]个口罩下柜，耗时[130]ms
2020-02-27 17:42:58,857 INFO: Loading KWallet
2020-02-27 17:42:58,858 INFO: Loading SecretService
2020-02-27 17:42:58,859 INFO: Loading Windows
2020-02-27 17:42:58,925 INFO: Loading chainer
2020-02-27 17:42:58,925 INFO: Loading macOS
2020-02-27 17:42:59,333 INFO: 校验是否登录[成功]
2020-02-27 17:43:00,812 INFO: 清空购物车
2020-02-27 17:43:00,813 INFO: 开始第0次 
2020-02-27 17:43:00,944 INFO: 检测[0]个口罩有货，[0]个口罩无货，[0]个口罩下柜，耗时[131]ms
2020-02-27 17:43:01,045 INFO: 开始第1次 
2020-02-27 17:43:01,172 INFO: 检测[0]个口罩有货，[0]个口罩无货，[0]个口罩下柜，耗时[127]ms
2020-02-27 17:43:01,272 INFO: 开始第2次 
2020-02-27 17:43:01,401 INFO: 检测[0]个口罩有货，[0]个口罩无货，[0]个口罩下柜，耗时[129]ms
2020-02-27 17:43:01,502 INFO: 开始第3次 
2020-02-27 17:43:01,631 INFO: 检测[0]个口罩有货，[0]个口罩无货，[0]个口罩下柜，耗时[129]ms
2020-02-27 17:43:01,733 INFO: 开始第4次 
2020-02-27 17:43:01,863 INFO: 检测[0]个口罩有货，[0]个口罩无货，[0]个口罩下柜，耗时[130]ms
2020-02-27 17:43:02,063 INFO: 开始第5次 
2020-02-27 17:43:02,192 INFO: 检测[0]个口罩有货，[0]个口罩无货，[0]个口罩下柜，耗时[129]ms
2020-02-27 17:43:02,392 INFO: 开始第6次 
2020-02-27 17:43:02,521 INFO: 检测[0]个口罩有货，[0]个口罩无货，[0]个口罩下柜，耗时[129]ms
2020-02-27 17:43:02,821 INFO: 开始第7次 
2020-02-27 17:43:02,955 INFO: 检测[0]个口罩有货，[0]个口罩无货，[0]个口罩下柜，耗时[134]ms
2020-02-27 17:43:03,056 INFO: 开始第8次 
2020-02-27 17:43:03,180 INFO: 检测[0]个口罩有货，[0]个口罩无货，[0]个口罩下柜，耗时[124]ms
2020-02-27 17:43:03,282 INFO: 开始第9次 
2020-02-27 17:43:04,407 INFO: 检测[0]个口罩有货，[0]个口罩无货，[0]个口罩下柜，耗时[1125]ms
2020-02-27 17:43:04,508 INFO: 开始第10次 
2020-02-27 17:43:04,636 INFO: 检测[0]个口罩有货，[0]个口罩无货，[0]个口罩下柜，耗时[128]ms
2020-02-27 17:43:04,937 INFO: 开始第11次 
2020-02-27 17:43:05,064 INFO: 检测[0]个口罩有货，[0]个口罩无货，[0]个口罩下柜，耗时[127]ms
2020-02-27 17:43:05,364 INFO: 开始第12次 
2020-02-27 17:43:05,490 INFO: 检测[0]个口罩有货，[0]个口罩无货，[0]个口罩下柜，耗时[126]ms
2020-02-27 17:43:05,691 INFO: 开始第13次 
2020-02-27 17:43:05,833 INFO: 检测[0]个口罩有货，[0]个口罩无货，[0]个口罩下柜，耗时[142]ms
2020-02-27 17:43:06,034 INFO: 开始第14次 
2020-02-27 17:43:06,165 INFO: 检测[0]个口罩有货，[0]个口罩无货，[0]个口罩下柜，耗时[131]ms
2020-02-27 17:43:06,266 INFO: 开始第15次 
2020-02-27 17:43:06,392 INFO: 检测[0]个口罩有货，[0]个口罩无货，[0]个口罩下柜，耗时[126]ms
2020-02-27 17:43:06,594 INFO: 开始第16次 
2020-02-27 17:43:06,793 INFO: 检测[0]个口罩有货，[0]个口罩无货，[0]个口罩下柜，耗时[124]ms
2020-02-27 17:43:06,895 INFO: 开始第17次 
2020-02-27 17:43:07,030 INFO: 检测[0]个口罩有货，[0]个口罩无货，[0]个口罩下柜，耗时[134]ms
2020-02-27 17:43:07,330 INFO: 开始第18次 
2020-02-27 17:43:07,459 INFO: 检测[0]个口罩有货，[0]个口罩无货，[0]个口罩下柜，耗时[128]ms
2020-02-27 17:43:07,661 INFO: 开始第19次 
2020-02-27 17:43:07,789 INFO: 检测[0]个口罩有货，[0]个口罩无货，[0]个口罩下柜，耗时[128]ms
2020-02-27 17:43:07,890 INFO: 开始第20次 
2020-02-27 17:43:08,015 INFO: 检测[0]个口罩有货，[0]个口罩无货，[0]个口罩下柜，耗时[125]ms
2020-02-27 17:43:08,116 INFO: 开始第21次 
2020-02-27 17:43:08,240 INFO: 检测[0]个口罩有货，[0]个口罩无货，[0]个口罩下柜，耗时[124]ms
2020-02-27 17:43:08,442 INFO: 开始第22次 
2020-02-27 17:43:08,563 INFO: 检测[0]个口罩有货，[0]个口罩无货，[0]个口罩下柜，耗时[121]ms
2020-02-27 17:43:08,764 INFO: 开始第23次 
2020-02-27 17:43:08,889 INFO: 检测[0]个口罩有货，[0]个口罩无货，[0]个口罩下柜，耗时[125]ms
2020-02-27 17:43:09,089 INFO: 开始第24次 
2020-02-27 17:46:47,870 INFO: Loading KWallet
2020-02-27 17:46:47,871 INFO: Loading SecretService
2020-02-27 17:46:47,872 INFO: Loading Windows
2020-02-27 17:46:47,935 INFO: Loading chainer
2020-02-27 17:46:47,936 INFO: Loading macOS
2020-02-27 17:46:48,336 INFO: 校验是否登录[成功]
2020-02-27 17:46:48,597 INFO: 登录账号名称[没有获取]
2020-02-27 17:46:48,901 INFO: 清空购物车
2020-02-27 17:46:48,901 INFO: 开始第0次 
2020-02-27 17:46:49,028 INFO: 检测[0]个口罩有货，[0]个口罩无货，[0]个口罩下柜，耗时[126]ms
2020-02-27 18:05:02,086 INFO: Loading KWallet
2020-02-27 18:05:02,087 INFO: Loading SecretService
2020-02-27 18:05:02,088 INFO: Loading Windows
2020-02-27 18:05:02,150 INFO: Loading chainer
2020-02-27 18:05:02,153 INFO: Loading macOS
2020-02-27 18:05:02,707 INFO: 校验是否登录[成功]
2020-02-27 18:05:04,349 INFO: 登录账号名称[没有获取]
2020-02-27 18:05:04,654 INFO: 清空购物车
2020-02-27 18:05:04,655 INFO: 开始第0次 
2020-02-27 18:05:04,791 INFO: 检测[0]个口罩有货，[0]个口罩无货，[0]个口罩下柜，耗时[136]ms
2020-02-27 18:09:12,977 INFO: Loading KWallet
2020-02-27 18:09:12,978 INFO: Loading SecretService
2020-02-27 18:09:12,979 INFO: Loading Windows
2020-02-27 18:09:13,055 INFO: Loading chainer
2020-02-27 18:09:13,056 INFO: Loading macOS
2020-02-27 18:09:14,505 INFO: 校验是否登录[成功]
2020-02-27 18:09:15,775 INFO: 登录账号名称[没有获取]
2020-02-27 18:09:16,070 INFO: 清空购物车
2020-02-27 18:09:16,071 INFO: 开始第0次 
2020-02-27 18:09:16,219 INFO: stock_state33
2020-02-27 18:09:16,220 INFO: 检测[1]个口罩有货，[1]个口罩无货，[0]个口罩下柜，耗时[149]ms
2020-02-27 18:09:16,234 INFO: [65829400853]类型口罩有货啦!马上下单
2020-02-27 18:09:16,598 INFO: 65829400853  已成功加入购物车
2020-02-27 18:11:04,391 INFO: Loading KWallet
2020-02-27 18:11:04,393 INFO: Loading SecretService
2020-02-27 18:11:04,394 INFO: Loading Windows
2020-02-27 18:11:04,472 INFO: Loading chainer
2020-02-27 18:11:04,472 INFO: Loading macOS
2020-02-27 18:11:04,878 INFO: 校验是否登录[成功]
2020-02-27 18:11:05,140 INFO: 登录账号名称[没有获取]
2020-02-27 18:11:05,439 INFO: 清空购物车
2020-02-27 18:11:05,440 INFO: 开始第0次 
2020-02-27 18:11:05,567 INFO: 检测[1]个口罩有货，[0]个口罩无货，[0]个口罩下柜，耗时[127]ms
2020-02-27 18:11:05,567 INFO: [65829400853]类型口罩有货啦!马上下单
2020-02-27 18:11:05,915 INFO: 65829400853  已成功加入购物车
2020-02-27 18:11:06,558 INFO: 下单信息：{'address': '四川 成都市 双流区 中和街道  府兴路红树湾三期', 'receiver': '李江韬 156****0110', 'total_price': '82.00', 'items': []}
2020-02-27 18:11:06,559 INFO: 第[1/3]次尝试提交订单
2020-02-27 18:11:06,703 INFO: 本次提交订单耗时[1136]毫秒
2020-02-27 18:11:06,704 INFO: 订单提交成功! 订单号：110468153499
2020-02-27 18:14:02,792 INFO: Loading KWallet
2020-02-27 18:14:02,793 INFO: Loading SecretService
2020-02-27 18:14:02,794 INFO: Loading Windows
2020-02-27 18:14:02,863 INFO: Loading chainer
2020-02-27 18:14:02,864 INFO: Loading macOS
2020-02-27 18:14:03,357 INFO: 校验是否登录[成功]
2020-02-27 18:14:03,612 INFO: 登录账号名称[没有获取]
2020-02-27 18:14:03,904 INFO: 清空购物车
2020-02-27 18:14:03,905 INFO: 开始第0次 
2020-02-27 18:14:04,171 INFO: 检测[1]个口罩有货，[0]个口罩无货，[0]个口罩下柜，耗时[266]ms
2020-02-27 18:14:04,172 INFO: [65829400853]类型口罩有货啦!马上下单
2020-02-27 18:14:04,532 INFO: 65829400853  已成功加入购物车
2020-02-27 18:14:05,138 INFO: 下单信息：{'address': '四川 成都市 双流区 中和街道  府兴路红树湾三期', 'receiver': '李江韬 156****0110', 'total_price': '82.00', 'items': []}
2020-02-27 18:14:05,139 INFO: 第[1/3]次尝试提交订单
2020-02-27 18:14:05,278 INFO: 本次提交订单耗时[1106]毫秒
2020-02-27 18:14:05,279 INFO: 订单提交成功! 订单号：110483412735
2020-02-27 18:17:51,191 INFO: Loading KWallet
2020-02-27 18:17:51,192 INFO: Loading SecretService
2020-02-27 18:17:51,194 INFO: Loading Windows
2020-02-27 18:17:51,274 INFO: Loading chainer
2020-02-27 18:17:51,275 INFO: Loading macOS
2020-02-27 18:17:51,739 INFO: 校验是否登录[成功]
2020-02-27 18:17:52,031 INFO: 登录账号名称[没有获取]
2020-02-27 18:17:52,327 INFO: 清空购物车
2020-02-27 18:17:52,327 INFO: 开始第0次 
2020-02-27 18:17:52,450 INFO: 检测[0]个口罩有货，[0]个口罩无货，[0]个口罩下柜，耗时[123]ms
